<?xml version="1.0" encoding="UTF-8"?>
<robot generator="Robot 6.1.1 (Python 3.12.1 on win32)" generated="20231211 00:58:26.358" rpa="false" schemaversion="4">
<suite id="s1" name="Registration Form" source="c:\Users\Usuario\Documents\teste_ccee\form\registration_form.robot">
<test id="s1-t1" name="Scenario" line="6">
<kw name="Given User is in Registration form Page" library="resource">
<kw name="Open Browser" library="SeleniumLibrary">
<arg>${URL}</arg>
<arg>${BROWSER}</arg>
<doc>Opens a new browser instance to the optional ``url``.</doc>
<msg timestamp="20231211 00:58:26.594" level="INFO">Opening browser 'chrome' to base url 'http://sampleapp.tricentis.com/101/app.php'.</msg>
<status status="PASS" starttime="20231211 00:58:26.593" endtime="20231211 00:58:51.101"/>
</kw>
<kw name="Set Selenium Implicit Wait" library="SeleniumLibrary">
<arg>60</arg>
<doc>Sets the implicit wait value used by Selenium.</doc>
<status status="PASS" starttime="20231211 00:58:51.102" endtime="20231211 00:58:51.104"/>
</kw>
<kw name="Maximize Browser Window" library="SeleniumLibrary">
<doc>Maximizes current browser window.</doc>
<status status="PASS" starttime="20231211 00:58:51.104" endtime="20231211 00:58:51.226"/>
</kw>
<kw name="Registration Form should be ready" library="resource">
<kw name="Element Should Contain" library="SeleniumLibrary">
<arg>app_sub_title</arg>
<arg>Vehicle Insurance Application</arg>
<doc>Verifies that element ``locator`` contains text ``expected``.</doc>
<msg timestamp="20231211 00:58:51.285" level="INFO">Element 'app_sub_title' contains text 'Vehicle Insurance Application'.</msg>
<status status="PASS" starttime="20231211 00:58:51.229" endtime="20231211 00:58:51.286"/>
</kw>
<kw name="Element Should Contain" library="SeleniumLibrary">
<arg>entervehicledata</arg>
<arg>Enter Vehicle Data</arg>
<doc>Verifies that element ``locator`` contains text ``expected``.</doc>
<msg timestamp="20231211 00:58:51.336" level="INFO">Element 'entervehicledata' contains text 'Enter Vehicle Data'.</msg>
<status status="PASS" starttime="20231211 00:58:51.287" endtime="20231211 00:58:51.336"/>
</kw>
<status status="PASS" starttime="20231211 00:58:51.228" endtime="20231211 00:58:51.336"/>
</kw>
<status status="PASS" starttime="20231211 00:58:26.593" endtime="20231211 00:58:51.336"/>
</kw>
<kw name="When Registration Form should be ready" library="resource">
<kw name="Element Should Contain" library="SeleniumLibrary">
<arg>app_sub_title</arg>
<arg>Vehicle Insurance Application</arg>
<doc>Verifies that element ``locator`` contains text ``expected``.</doc>
<msg timestamp="20231211 00:58:51.384" level="INFO">Element 'app_sub_title' contains text 'Vehicle Insurance Application'.</msg>
<status status="PASS" starttime="20231211 00:58:51.338" endtime="20231211 00:58:51.384"/>
</kw>
<kw name="Element Should Contain" library="SeleniumLibrary">
<arg>entervehicledata</arg>
<arg>Enter Vehicle Data</arg>
<doc>Verifies that element ``locator`` contains text ``expected``.</doc>
<msg timestamp="20231211 00:58:51.422" level="INFO">Element 'entervehicledata' contains text 'Enter Vehicle Data'.</msg>
<status status="PASS" starttime="20231211 00:58:51.384" endtime="20231211 00:58:51.423"/>
</kw>
<status status="PASS" starttime="20231211 00:58:51.337" endtime="20231211 00:58:51.424"/>
</kw>
<kw name="And User select make" library="resource">
<kw name="Select From List By Label" library="SeleniumLibrary">
<arg>make</arg>
<arg>Audi</arg>
<doc>Selects options from selection list ``locator`` by ``labels``.</doc>
<msg timestamp="20231211 00:58:51.426" level="INFO">Selecting options from selection list 'make' by label Audi.</msg>
<status status="PASS" starttime="20231211 00:58:51.425" endtime="20231211 00:58:51.527"/>
</kw>
<status status="PASS" starttime="20231211 00:58:51.425" endtime="20231211 00:58:51.527"/>
</kw>
<kw name="And User select Models" library="resource">
<kw name="Select From List By Label" library="SeleniumLibrary">
<arg>model</arg>
<arg>Scooter</arg>
<doc>Selects options from selection list ``locator`` by ``labels``.</doc>
<msg timestamp="20231211 00:58:51.530" level="INFO">Selecting options from selection list 'model' by label Scooter.</msg>
<status status="PASS" starttime="20231211 00:58:51.529" endtime="20231211 00:58:51.669"/>
</kw>
<status status="PASS" starttime="20231211 00:58:51.529" endtime="20231211 00:58:51.669"/>
</kw>
<kw name="And User fill the field cylinder capacity with value" library="resource">
<kw name="Input Text" library="SeleniumLibrary">
<arg>css=#cylindercapacity</arg>
<arg>100</arg>
<doc>Types the given ``text`` into the text field identified by ``locator``.</doc>
<msg timestamp="20231211 00:58:51.671" level="INFO">Typing text '100' into text field 'css=#cylindercapacity'.</msg>
<status status="PASS" starttime="20231211 00:58:51.671" endtime="20231211 00:58:51.864"/>
</kw>
<status status="PASS" starttime="20231211 00:58:51.670" endtime="20231211 00:58:51.864"/>
</kw>
<kw name="And User fill the field engine with value" library="resource">
<kw name="Input Text" library="SeleniumLibrary">
<arg>css=#engineperformance</arg>
<arg>100</arg>
<doc>Types the given ``text`` into the text field identified by ``locator``.</doc>
<msg timestamp="20231211 00:58:51.867" level="INFO">Typing text '100' into text field 'css=#engineperformance'.</msg>
<status status="PASS" starttime="20231211 00:58:51.867" endtime="20231211 00:58:52.043"/>
</kw>
<status status="PASS" starttime="20231211 00:58:51.865" endtime="20231211 00:58:52.043"/>
</kw>
<kw name="And User click in button Calendar" library="resource">
<kw name="Click Button" library="SeleniumLibrary">
<arg>css=#opendateofmanufacturecalender</arg>
<doc>Clicks the button identified by ``locator``.</doc>
<msg timestamp="20231211 00:58:52.046" level="INFO">Clicking button 'css=#opendateofmanufacturecalender'.</msg>
<status status="PASS" starttime="20231211 00:58:52.045" endtime="20231211 00:58:52.182"/>
</kw>
<kw name="Mouse Over" library="SeleniumLibrary">
<arg>css=#insurance-form &gt; div &gt; section:nth-child(1) &gt; div:nth-child(8) &gt; label</arg>
<doc>Simulates hovering the mouse over the element ``locator``.</doc>
<msg timestamp="20231211 00:58:52.182" level="INFO">Simulating Mouse Over on element 'css=#insurance-form &gt; div &gt; section:nth-child(1) &gt; div:nth-child(8) &gt; label'.</msg>
<status status="PASS" starttime="20231211 00:58:52.182" endtime="20231211 00:58:52.537"/>
</kw>
<kw name="Wait Until Element Is Visible" library="SeleniumLibrary">
<arg>css=#ui-datepicker-div</arg>
<doc>Waits until the element ``locator`` is visible.</doc>
<status status="PASS" starttime="20231211 00:58:52.538" endtime="20231211 00:58:52.598"/>
</kw>
<kw name="Click Element" library="SeleniumLibrary">
<arg>css=#ui-datepicker-div &gt; table &gt; tbody &gt; tr:nth-child(2) &gt; td:nth-child(5) &gt; a</arg>
<doc>Click the element identified by ``locator``.</doc>
<msg timestamp="20231211 00:58:52.599" level="INFO">Clicking element 'css=#ui-datepicker-div &gt; table &gt; tbody &gt; tr:nth-child(2) &gt; td:nth-child(5) &gt; a'.</msg>
<status status="PASS" starttime="20231211 00:58:52.599" endtime="20231211 00:58:52.713"/>
</kw>
<status status="PASS" starttime="20231211 00:58:52.044" endtime="20231211 00:58:52.713"/>
</kw>
<kw name="And User select Number of Seats" library="resource">
<kw name="Select From List By Label" library="SeleniumLibrary">
<arg>numberofseats</arg>
<arg>1</arg>
<doc>Selects options from selection list ``locator`` by ``labels``.</doc>
<msg timestamp="20231211 00:58:52.716" level="INFO">Selecting options from selection list 'numberofseats' by label 1.</msg>
<status status="PASS" starttime="20231211 00:58:52.715" endtime="20231211 00:58:52.853"/>
</kw>
<status status="PASS" starttime="20231211 00:58:52.714" endtime="20231211 00:58:52.853"/>
</kw>
<kw name="And User select Number of Seats motor" library="resource">
<kw name="Select From List By Label" library="SeleniumLibrary">
<arg>numberofseatsmotorcycle</arg>
<arg>1</arg>
<doc>Selects options from selection list ``locator`` by ``labels``.</doc>
<msg timestamp="20231211 00:58:52.855" level="INFO">Selecting options from selection list 'numberofseatsmotorcycle' by label 1.</msg>
<status status="PASS" starttime="20231211 00:58:52.854" endtime="20231211 00:58:52.975"/>
</kw>
<status status="PASS" starttime="20231211 00:58:52.854" endtime="20231211 00:58:52.976"/>
</kw>
<kw name="And User select Fuel Type" library="resource">
<kw name="Select From List By Label" library="SeleniumLibrary">
<arg>fuel</arg>
<arg>Petrol</arg>
<doc>Selects options from selection list ``locator`` by ``labels``.</doc>
<msg timestamp="20231211 00:58:52.979" level="INFO">Selecting options from selection list 'fuel' by label Petrol.</msg>
<status status="PASS" starttime="20231211 00:58:52.978" endtime="20231211 00:58:53.127"/>
</kw>
<status status="PASS" starttime="20231211 00:58:52.977" endtime="20231211 00:58:53.127"/>
</kw>
<kw name="And User fill the field payload with value" library="resource">
<kw name="Input Text" library="SeleniumLibrary">
<arg>css=#payload</arg>
<arg>1000</arg>
<doc>Types the given ``text`` into the text field identified by ``locator``.</doc>
<msg timestamp="20231211 00:58:53.130" level="INFO">Typing text '1000' into text field 'css=#payload'.</msg>
<status status="PASS" starttime="20231211 00:58:53.130" endtime="20231211 00:58:53.353"/>
</kw>
<status status="PASS" starttime="20231211 00:58:53.129" endtime="20231211 00:58:53.353"/>
</kw>
<kw name="And User fill the field total with value" library="resource">
<kw name="Input Text" library="SeleniumLibrary">
<arg>css=#totalweight</arg>
<arg>1000</arg>
<doc>Types the given ``text`` into the text field identified by ``locator``.</doc>
<msg timestamp="20231211 00:58:53.355" level="INFO">Typing text '1000' into text field 'css=#totalweight'.</msg>
<status status="PASS" starttime="20231211 00:58:53.355" endtime="20231211 00:58:53.545"/>
</kw>
<status status="PASS" starttime="20231211 00:58:53.354" endtime="20231211 00:58:53.545"/>
</kw>
<kw name="And User fill the field list price with value" library="resource">
<kw name="Input Text" library="SeleniumLibrary">
<arg>css=#listprice</arg>
<arg>20000</arg>
<doc>Types the given ``text`` into the text field identified by ``locator``.</doc>
<msg timestamp="20231211 00:58:53.549" level="INFO">Typing text '20000' into text field 'css=#listprice'.</msg>
<status status="PASS" starttime="20231211 00:58:53.547" endtime="20231211 00:58:53.757"/>
</kw>
<status status="PASS" starttime="20231211 00:58:53.546" endtime="20231211 00:58:53.758"/>
</kw>
<kw name="And User fill the field license plate number with value" library="resource">
<kw name="Input Text" library="SeleniumLibrary">
<arg>css=#licenseplatenumber</arg>
<arg>20000</arg>
<doc>Types the given ``text`` into the text field identified by ``locator``.</doc>
<msg timestamp="20231211 00:58:53.760" level="INFO">Typing text '20000' into text field 'css=#licenseplatenumber'.</msg>
<status status="PASS" starttime="20231211 00:58:53.760" endtime="20231211 00:58:53.982"/>
</kw>
<status status="PASS" starttime="20231211 00:58:53.759" endtime="20231211 00:58:53.983"/>
</kw>
<kw name="And User fill the field annual mileage with value" library="resource">
<kw name="Input Text" library="SeleniumLibrary">
<arg>css=#annualmileage</arg>
<arg>10000</arg>
<doc>Types the given ``text`` into the text field identified by ``locator``.</doc>
<msg timestamp="20231211 00:58:53.985" level="INFO">Typing text '10000' into text field 'css=#annualmileage'.</msg>
<status status="PASS" starttime="20231211 00:58:53.984" endtime="20231211 00:58:54.189"/>
</kw>
<status status="PASS" starttime="20231211 00:58:53.984" endtime="20231211 00:58:54.189"/>
</kw>
<kw name="And User click in Next" library="resource">
<kw name="Mouse Over" library="SeleniumLibrary">
<arg>id=nextenterinsurantdata</arg>
<doc>Simulates hovering the mouse over the element ``locator``.</doc>
<msg timestamp="20231211 00:58:54.193" level="INFO">Simulating Mouse Over on element 'id=nextenterinsurantdata'.</msg>
<status status="PASS" starttime="20231211 00:58:54.192" endtime="20231211 00:58:54.498"/>
</kw>
<kw name="Click Button" library="SeleniumLibrary">
<arg>css=#nextenterinsurantdata</arg>
<doc>Clicks the button identified by ``locator``.</doc>
<msg timestamp="20231211 00:58:54.499" level="INFO">Clicking button 'css=#nextenterinsurantdata'.</msg>
<status status="PASS" starttime="20231211 00:58:54.498" endtime="20231211 00:58:54.660"/>
</kw>
<status status="PASS" starttime="20231211 00:58:54.191" endtime="20231211 00:58:54.660"/>
</kw>
<kw name="When User to see the page Enter Insurante Date" library="resource">
<kw name="Element Should Contain" library="SeleniumLibrary">
<arg>enterinsurantdata</arg>
<arg>Enter Insurant Data</arg>
<doc>Verifies that element ``locator`` contains text ``expected``.</doc>
<msg timestamp="20231211 00:58:54.690" level="INFO">Element 'enterinsurantdata' contains text 'Enter Insurant Data'.</msg>
<status status="PASS" starttime="20231211 00:58:54.661" endtime="20231211 00:58:54.690"/>
</kw>
<status status="PASS" starttime="20231211 00:58:54.661" endtime="20231211 00:58:54.690"/>
</kw>
<kw name="And User fill field first name" library="resource">
<kw name="Input Text" library="SeleniumLibrary">
<arg>css=#firstname</arg>
<arg>Anderson</arg>
<doc>Types the given ``text`` into the text field identified by ``locator``.</doc>
<msg timestamp="20231211 00:58:54.691" level="INFO">Typing text 'Anderson' into text field 'css=#firstname'.</msg>
<status status="PASS" starttime="20231211 00:58:54.691" endtime="20231211 00:58:54.820"/>
</kw>
<status status="PASS" starttime="20231211 00:58:54.690" endtime="20231211 00:58:54.821"/>
</kw>
<kw name="And User fill field last name" library="resource">
<kw name="Input Text" library="SeleniumLibrary">
<arg>css=#lastname</arg>
<arg>Oliveira</arg>
<doc>Types the given ``text`` into the text field identified by ``locator``.</doc>
<msg timestamp="20231211 00:58:54.822" level="INFO">Typing text 'Oliveira' into text field 'css=#lastname'.</msg>
<status status="PASS" starttime="20231211 00:58:54.822" endtime="20231211 00:58:54.924"/>
</kw>
<status status="PASS" starttime="20231211 00:58:54.821" endtime="20231211 00:58:54.924"/>
</kw>
<kw name="When User click in button Calendar Date of Birth" library="resource">
<kw name="Click Button" library="SeleniumLibrary">
<arg>css=#opendateofbirthcalender</arg>
<doc>Clicks the button identified by ``locator``.</doc>
<msg timestamp="20231211 00:58:54.926" level="INFO">Clicking button 'css=#opendateofbirthcalender'.</msg>
<status status="PASS" starttime="20231211 00:58:54.925" endtime="20231211 00:58:55.041"/>
</kw>
<kw name="Mouse Over" library="SeleniumLibrary">
<arg>css=#insurance-form &gt; div &gt; section:nth-child(2) &gt; div:nth-child(8) &gt; label</arg>
<doc>Simulates hovering the mouse over the element ``locator``.</doc>
<msg timestamp="20231211 00:58:55.043" level="INFO">Simulating Mouse Over on element 'css=#insurance-form &gt; div &gt; section:nth-child(2) &gt; div:nth-child(8) &gt; label'.</msg>
<status status="PASS" starttime="20231211 00:58:55.041" endtime="20231211 00:58:55.357"/>
</kw>
<kw name="Wait Until Element Is Visible" library="SeleniumLibrary">
<arg>css=#insurance-form &gt; div &gt; section:nth-child(2) &gt; div:nth-child(6) &gt; label</arg>
<doc>Waits until the element ``locator`` is visible.</doc>
<status status="PASS" starttime="20231211 00:58:55.357" endtime="20231211 00:58:55.400"/>
</kw>
<kw name="Repeat Keyword" library="BuiltIn">
<arg>506 times</arg>
<arg>Click Element</arg>
<arg>css=#ui-datepicker-div &gt; div &gt; a.ui-datepicker-prev.ui-corner-all</arg>
<doc>Executes the specified keyword multiple times.</doc>
<msg timestamp="20231211 00:58:55.401" level="INFO">Repeating keyword, round 1/506.</msg>
<kw name="Click Element" library="SeleniumLibrary">
<arg>css=#ui-datepicker-div &gt; div &gt; a.ui-datepicker-prev.ui-corner-all</arg>
<doc>Click the element identified by ``locator``.</doc>
<msg timestamp="20231211 00:58:55.402" level="INFO">Clicking element 'css=#ui-datepicker-div &gt; div &gt; a.ui-datepicker-prev.ui-corner-all'.</msg>
<status status="PASS" starttime="20231211 00:58:55.401" endtime="20231211 00:58:55.495"/>
</kw>
<msg timestamp="20231211 00:58:55.496" level="INFO">Repeating keyword, round 2/506.</msg>
<kw name="Click Element" library="SeleniumLibrary">
<arg>css=#ui-datepicker-div &gt; div &gt; a.ui-datepicker-prev.ui-corner-all</arg>
<doc>Click the element identified by ``locator``.</doc>
<msg timestamp="20231211 00:58:55.496" level="INFO">Clicking element 'css=#ui-datepicker-div &gt; div &gt; a.ui-datepicker-prev.ui-corner-all'.</msg>
<status status="PASS" starttime="20231211 00:58:55.496" endtime="20231211 00:58:55.591"/>
</kw>
<msg timestamp="20231211 00:58:55.592" level="INFO">Repeating keyword, round 3/506.</msg>
<kw name="Click Element" library="SeleniumLibrary">
<arg>css=#ui-datepicker-div &gt; div &gt; a.ui-datepicker-prev.ui-corner-all</arg>
<doc>Click the element identified by ``locator``.</doc>
<msg timestamp="20231211 00:58:55.593" level="INFO">Clicking element 'css=#ui-datepicker-div &gt; div &gt; a.ui-datepicker-prev.ui-corner-all'.</msg>
<status status="PASS" starttime="20231211 00:58:55.592" endtime="20231211 00:58:55.686"/>
</kw>
<msg timestamp="20231211 00:58:55.686" level="INFO">Repeating keyword, round 4/506.</msg>
<kw name="Click Element" library="SeleniumLibrary">
<arg>css=#ui-datepicker-div &gt; div &gt; a.ui-datepicker-prev.ui-corner-all</arg>
<doc>Click the element identified by ``locator``.</doc>
<msg timestamp="20231211 00:58:55.687" level="INFO">Clicking element 'css=#ui-datepicker-div &gt; div &gt; a.ui-datepicker-prev.ui-corner-all'.</msg>
<status status="PASS" starttime="20231211 00:58:55.686" endtime="20231211 00:58:55.763"/>
</kw>
<msg timestamp="20231211 00:58:55.763" level="INFO">Repeating keyword, round 5/506.</msg>
<kw name="Click Element" library="SeleniumLibrary">
<arg>css=#ui-datepicker-div &gt; div &gt; a.ui-datepicker-prev.ui-corner-all</arg>
<doc>Click the element identified by ``locator``.</doc>
<msg timestamp="20231211 00:58:55.764" level="INFO">Clicking element 'css=#ui-datepicker-div &gt; div &gt; a.ui-datepicker-prev.ui-corner-all'.</msg>
<status status="PASS" starttime="20231211 00:58:55.764" endtime="20231211 00:58:55.856"/>
</kw>
<msg timestamp="20231211 00:58:55.856" level="INFO">Repeating keyword, round 6/506.</msg>
<kw name="Click Element" library="SeleniumLibrary">
<arg>css=#ui-datepicker-div &gt; div &gt; a.ui-datepicker-prev.ui-corner-all</arg>
<doc>Click the element identified by ``locator``.</doc>
<msg timestamp="20231211 00:58:55.858" level="INFO">Clicking element 'css=#ui-datepicker-div &gt; div &gt; a.ui-datepicker-prev.ui-corner-all'.</msg>
<status status="PASS" starttime="20231211 00:58:55.857" endtime="20231211 00:58:55.946"/>
</kw>
<msg timestamp="20231211 00:58:55.947" level="INFO">Repeating keyword, round 7/506.</msg>
<kw name="Click Element" library="SeleniumLibrary">
<arg>css=#ui-datepicker-div &gt; div &gt; a.ui-datepicker-prev.ui-corner-all</arg>
<doc>Click the element identified by ``locator``.</doc>
<msg timestamp="20231211 00:58:55.948" level="INFO">Clicking element 'css=#ui-datepicker-div &gt; div &gt; a.ui-datepicker-prev.ui-corner-all'.</msg>
<status status="PASS" starttime="20231211 00:58:55.947" endtime="20231211 00:58:56.027"/>
</kw>
<msg timestamp="20231211 00:58:56.028" level="INFO">Repeating keyword, round 8/506.</msg>
<kw name="Click Element" library="SeleniumLibrary">
<arg>css=#ui-datepicker-div &gt; div &gt; a.ui-datepicker-prev.ui-corner-all</arg>
<doc>Click the element identified by ``locator``.</doc>
<msg timestamp="20231211 00:58:56.029" level="INFO">Clicking element 'css=#ui-datepicker-div &gt; div &gt; a.ui-datepicker-prev.ui-corner-all'.</msg>
<status status="PASS" starttime="20231211 00:58:56.028" endtime="20231211 00:58:56.124"/>
</kw>
<msg timestamp="20231211 00:58:56.124" level="INFO">Repeating keyword, round 9/506.</msg>
<kw name="Click Element" library="SeleniumLibrary">
<arg>css=#ui-datepicker-div &gt; div &gt; a.ui-datepicker-prev.ui-corner-all</arg>
<doc>Click the element identified by ``locator``.</doc>
<msg timestamp="20231211 00:58:56.125" level="INFO">Clicking element 'css=#ui-datepicker-div &gt; div &gt; a.ui-datepicker-prev.ui-corner-all'.</msg>
<status status="PASS" starttime="20231211 00:58:56.124" endtime="20231211 00:58:56.221"/>
</kw>
<msg timestamp="20231211 00:58:56.221" level="INFO">Repeating keyword, round 10/506.</msg>
<kw name="Click Element" library="SeleniumLibrary">
<arg>css=#ui-datepicker-div &gt; div &gt; a.ui-datepicker-prev.ui-corner-all</arg>
<doc>Click the element identified by ``locator``.</doc>
<msg timestamp="20231211 00:58:56.222" level="INFO">Clicking element 'css=#ui-datepicker-div &gt; div &gt; a.ui-datepicker-prev.ui-corner-all'.</msg>
<status status="PASS" starttime="20231211 00:58:56.222" endtime="20231211 00:58:56.297"/>
</kw>
<msg timestamp="20231211 00:58:56.297" level="INFO">Repeating keyword, round 11/506.</msg>
<kw name="Click Element" library="SeleniumLibrary">
<arg>css=#ui-datepicker-div &gt; div &gt; a.ui-datepicker-prev.ui-corner-all</arg>
<doc>Click the element identified by ``locator``.</doc>
<msg timestamp="20231211 00:58:56.298" level="INFO">Clicking element 'css=#ui-datepicker-div &gt; div &gt; a.ui-datepicker-prev.ui-corner-all'.</msg>
<status status="PASS" starttime="20231211 00:58:56.297" endtime="20231211 00:58:56.381"/>
</kw>
<msg timestamp="20231211 00:58:56.381" level="INFO">Repeating keyword, round 12/506.</msg>
<kw name="Click Element" library="SeleniumLibrary">
<arg>css=#ui-datepicker-div &gt; div &gt; a.ui-datepicker-prev.ui-corner-all</arg>
<doc>Click the element identified by ``locator``.</doc>
<msg timestamp="20231211 00:58:56.381" level="INFO">Clicking element 'css=#ui-datepicker-div &gt; div &gt; a.ui-datepicker-prev.ui-corner-all'.</msg>
<status status="PASS" starttime="20231211 00:58:56.381" endtime="20231211 00:58:56.471"/>
</kw>
<msg timestamp="20231211 00:58:56.471" level="INFO">Repeating keyword, round 13/506.</msg>
<kw name="Click Element" library="SeleniumLibrary">
<arg>css=#ui-datepicker-div &gt; div &gt; a.ui-datepicker-prev.ui-corner-all</arg>
<doc>Click the element identified by ``locator``.</doc>
<msg timestamp="20231211 00:58:56.472" level="INFO">Clicking element 'css=#ui-datepicker-div &gt; div &gt; a.ui-datepicker-prev.ui-corner-all'.</msg>
<status status="PASS" starttime="20231211 00:58:56.471" endtime="20231211 00:58:56.565"/>
</kw>
<msg timestamp="20231211 00:58:56.565" level="INFO">Repeating keyword, round 14/506.</msg>
<kw name="Click Element" library="SeleniumLibrary">
<arg>css=#ui-datepicker-div &gt; div &gt; a.ui-datepicker-prev.ui-corner-all</arg>
<doc>Click the element identified by ``locator``.</doc>
<msg timestamp="20231211 00:58:56.565" level="INFO">Clicking element 'css=#ui-datepicker-div &gt; div &gt; a.ui-datepicker-prev.ui-corner-all'.</msg>
<status status="PASS" starttime="20231211 00:58:56.565" endtime="20231211 00:58:56.654"/>
</kw>
<msg timestamp="20231211 00:58:56.654" level="INFO">Repeating keyword, round 15/506.</msg>
<kw name="Click Element" library="SeleniumLibrary">
<arg>css=#ui-datepicker-div &gt; div &gt; a.ui-datepicker-prev.ui-corner-all</arg>
<doc>Click the element identified by ``locator``.</doc>
<msg timestamp="20231211 00:58:56.655" level="INFO">Clicking element 'css=#ui-datepicker-div &gt; div &gt; a.ui-datepicker-prev.ui-corner-all'.</msg>
<status status="PASS" starttime="20231211 00:58:56.655" endtime="20231211 00:58:56.737"/>
</kw>
<msg timestamp="20231211 00:58:56.738" level="INFO">Repeating keyword, round 16/506.</msg>
<kw name="Click Element" library="SeleniumLibrary">
<arg>css=#ui-datepicker-div &gt; div &gt; a.ui-datepicker-prev.ui-corner-all</arg>
<doc>Click the element identified by ``locator``.</doc>
<msg timestamp="20231211 00:58:56.738" level="INFO">Clicking element 'css=#ui-datepicker-div &gt; div &gt; a.ui-datepicker-prev.ui-corner-all'.</msg>
<status status="PASS" starttime="20231211 00:58:56.738" endtime="20231211 00:58:56.815"/>
</kw>
<msg timestamp="20231211 00:58:56.815" level="INFO">Repeating keyword, round 17/506.</msg>
<kw name="Click Element" library="SeleniumLibrary">
<arg>css=#ui-datepicker-div &gt; div &gt; a.ui-datepicker-prev.ui-corner-all</arg>
<doc>Click the element identified by ``locator``.</doc>
<msg timestamp="20231211 00:58:56.816" level="INFO">Clicking element 'css=#ui-datepicker-div &gt; div &gt; a.ui-datepicker-prev.ui-corner-all'.</msg>
<status status="PASS" starttime="20231211 00:58:56.815" endtime="20231211 00:58:56.902"/>
</kw>
<msg timestamp="20231211 00:58:56.902" level="INFO">Repeating keyword, round 18/506.</msg>
<kw name="Click Element" library="SeleniumLibrary">
<arg>css=#ui-datepicker-div &gt; div &gt; a.ui-datepicker-prev.ui-corner-all</arg>
<doc>Click the element identified by ``locator``.</doc>
<msg timestamp="20231211 00:58:56.904" level="INFO">Clicking element 'css=#ui-datepicker-div &gt; div &gt; a.ui-datepicker-prev.ui-corner-all'.</msg>
<status status="PASS" starttime="20231211 00:58:56.902" endtime="20231211 00:58:56.989"/>
</kw>
<msg timestamp="20231211 00:58:56.989" level="INFO">Repeating keyword, round 19/506.</msg>
<kw name="Click Element" library="SeleniumLibrary">
<arg>css=#ui-datepicker-div &gt; div &gt; a.ui-datepicker-prev.ui-corner-all</arg>
<doc>Click the element identified by ``locator``.</doc>
<msg timestamp="20231211 00:58:56.990" level="INFO">Clicking element 'css=#ui-datepicker-div &gt; div &gt; a.ui-datepicker-prev.ui-corner-all'.</msg>
<status status="PASS" starttime="20231211 00:58:56.989" endtime="20231211 00:58:57.083"/>
</kw>
<msg timestamp="20231211 00:58:57.083" level="INFO">Repeating keyword, round 20/506.</msg>
<kw name="Click Element" library="SeleniumLibrary">
<arg>css=#ui-datepicker-div &gt; div &gt; a.ui-datepicker-prev.ui-corner-all</arg>
<doc>Click the element identified by ``locator``.</doc>
<msg timestamp="20231211 00:58:57.084" level="INFO">Clicking element 'css=#ui-datepicker-div &gt; div &gt; a.ui-datepicker-prev.ui-corner-all'.</msg>
<status status="PASS" starttime="20231211 00:58:57.084" endtime="20231211 00:58:57.178"/>
</kw>
<msg timestamp="20231211 00:58:57.178" level="INFO">Repeating keyword, round 21/506.</msg>
<kw name="Click Element" library="SeleniumLibrary">
<arg>css=#ui-datepicker-div &gt; div &gt; a.ui-datepicker-prev.ui-corner-all</arg>
<doc>Click the element identified by ``locator``.</doc>
<msg timestamp="20231211 00:58:57.179" level="INFO">Clicking element 'css=#ui-datepicker-div &gt; div &gt; a.ui-datepicker-prev.ui-corner-all'.</msg>
<status status="PASS" starttime="20231211 00:58:57.179" endtime="20231211 00:58:57.264"/>
</kw>
<msg timestamp="20231211 00:58:57.265" level="INFO">Repeating keyword, round 22/506.</msg>
<kw name="Click Element" library="SeleniumLibrary">
<arg>css=#ui-datepicker-div &gt; div &gt; a.ui-datepicker-prev.ui-corner-all</arg>
<doc>Click the element identified by ``locator``.</doc>
<msg timestamp="20231211 00:58:57.265" level="INFO">Clicking element 'css=#ui-datepicker-div &gt; div &gt; a.ui-datepicker-prev.ui-corner-all'.</msg>
<status status="PASS" starttime="20231211 00:58:57.265" endtime="20231211 00:58:57.344"/>
</kw>
<msg timestamp="20231211 00:58:57.344" level="INFO">Repeating keyword, round 23/506.</msg>
<kw name="Click Element" library="SeleniumLibrary">
<arg>css=#ui-datepicker-div &gt; div &gt; a.ui-datepicker-prev.ui-corner-all</arg>
<doc>Click the element identified by ``locator``.</doc>
<msg timestamp="20231211 00:58:57.345" level="INFO">Clicking element 'css=#ui-datepicker-div &gt; div &gt; a.ui-datepicker-prev.ui-corner-all'.</msg>
<status status="PASS" starttime="20231211 00:58:57.344" endtime="20231211 00:58:57.434"/>
</kw>
<msg timestamp="20231211 00:58:57.434" level="INFO">Repeating keyword, round 24/506.</msg>
<kw name="Click Element" library="SeleniumLibrary">
<arg>css=#ui-datepicker-div &gt; div &gt; a.ui-datepicker-prev.ui-corner-all</arg>
<doc>Click the element identified by ``locator``.</doc>
<msg timestamp="20231211 00:58:57.435" level="INFO">Clicking element 'css=#ui-datepicker-div &gt; div &gt; a.ui-datepicker-prev.ui-corner-all'.</msg>
<status status="PASS" starttime="20231211 00:58:57.434" endtime="20231211 00:58:57.524"/>
</kw>
<msg timestamp="20231211 00:58:57.524" level="INFO">Repeating keyword, round 25/506.</msg>
<kw name="Click Element" library="SeleniumLibrary">
<arg>css=#ui-datepicker-div &gt; div &gt; a.ui-datepicker-prev.ui-corner-all</arg>
<doc>Click the element identified by ``locator``.</doc>
<msg timestamp="20231211 00:58:57.525" level="INFO">Clicking element 'css=#ui-datepicker-div &gt; div &gt; a.ui-datepicker-prev.ui-corner-all'.</msg>
<status status="PASS" starttime="20231211 00:58:57.525" endtime="20231211 00:58:57.619"/>
</kw>
<msg timestamp="20231211 00:58:57.619" level="INFO">Repeating keyword, round 26/506.</msg>
<kw name="Click Element" library="SeleniumLibrary">
<arg>css=#ui-datepicker-div &gt; div &gt; a.ui-datepicker-prev.ui-corner-all</arg>
<doc>Click the element identified by ``locator``.</doc>
<msg timestamp="20231211 00:58:57.620" level="INFO">Clicking element 'css=#ui-datepicker-div &gt; div &gt; a.ui-datepicker-prev.ui-corner-all'.</msg>
<status status="PASS" starttime="20231211 00:58:57.619" endtime="20231211 00:58:57.709"/>
</kw>
<msg timestamp="20231211 00:58:57.709" level="INFO">Repeating keyword, round 27/506.</msg>
<kw name="Click Element" library="SeleniumLibrary">
<arg>css=#ui-datepicker-div &gt; div &gt; a.ui-datepicker-prev.ui-corner-all</arg>
<doc>Click the element identified by ``locator``.</doc>
<msg timestamp="20231211 00:58:57.710" level="INFO">Clicking element 'css=#ui-datepicker-div &gt; div &gt; a.ui-datepicker-prev.ui-corner-all'.</msg>
<status status="PASS" starttime="20231211 00:58:57.709" endtime="20231211 00:58:57.797"/>
</kw>
<msg timestamp="20231211 00:58:57.797" level="INFO">Repeating keyword, round 28/506.</msg>
<kw name="Click Element" library="SeleniumLibrary">
<arg>css=#ui-datepicker-div &gt; div &gt; a.ui-datepicker-prev.ui-corner-all</arg>
<doc>Click the element identified by ``locator``.</doc>
<msg timestamp="20231211 00:58:57.798" level="INFO">Clicking element 'css=#ui-datepicker-div &gt; div &gt; a.ui-datepicker-prev.ui-corner-all'.</msg>
<status status="PASS" starttime="20231211 00:58:57.798" endtime="20231211 00:58:57.884"/>
</kw>
<msg timestamp="20231211 00:58:57.885" level="INFO">Repeating keyword, round 29/506.</msg>
<kw name="Click Element" library="SeleniumLibrary">
<arg>css=#ui-datepicker-div &gt; div &gt; a.ui-datepicker-prev.ui-corner-all</arg>
<doc>Click the element identified by ``locator``.</doc>
<msg timestamp="20231211 00:58:57.885" level="INFO">Clicking element 'css=#ui-datepicker-div &gt; div &gt; a.ui-datepicker-prev.ui-corner-all'.</msg>
<status status="PASS" starttime="20231211 00:58:57.885" endtime="20231211 00:58:57.969"/>
</kw>
<msg timestamp="20231211 00:58:57.969" level="INFO">Repeating keyword, round 30/506.</msg>
<kw name="Click Element" library="SeleniumLibrary">
<arg>css=#ui-datepicker-div &gt; div &gt; a.ui-datepicker-prev.ui-corner-all</arg>
<doc>Click the element identified by ``locator``.</doc>
<msg timestamp="20231211 00:58:57.969" level="INFO">Clicking element 'css=#ui-datepicker-div &gt; div &gt; a.ui-datepicker-prev.ui-corner-all'.</msg>
<status status="PASS" starttime="20231211 00:58:57.969" endtime="20231211 00:58:58.055"/>
</kw>
<msg timestamp="20231211 00:58:58.055" level="INFO">Repeating keyword, round 31/506.</msg>
<kw name="Click Element" library="SeleniumLibrary">
<arg>css=#ui-datepicker-div &gt; div &gt; a.ui-datepicker-prev.ui-corner-all</arg>
<doc>Click the element identified by ``locator``.</doc>
<msg timestamp="20231211 00:58:58.056" level="INFO">Clicking element 'css=#ui-datepicker-div &gt; div &gt; a.ui-datepicker-prev.ui-corner-all'.</msg>
<status status="PASS" starttime="20231211 00:58:58.055" endtime="20231211 00:58:58.147"/>
</kw>
<msg timestamp="20231211 00:58:58.147" level="INFO">Repeating keyword, round 32/506.</msg>
<kw name="Click Element" library="SeleniumLibrary">
<arg>css=#ui-datepicker-div &gt; div &gt; a.ui-datepicker-prev.ui-corner-all</arg>
<doc>Click the element identified by ``locator``.</doc>
<msg timestamp="20231211 00:58:58.148" level="INFO">Clicking element 'css=#ui-datepicker-div &gt; div &gt; a.ui-datepicker-prev.ui-corner-all'.</msg>
<status status="PASS" starttime="20231211 00:58:58.148" endtime="20231211 00:58:58.238"/>
</kw>
<msg timestamp="20231211 00:58:58.238" level="INFO">Repeating keyword, round 33/506.</msg>
<kw name="Click Element" library="SeleniumLibrary">
<arg>css=#ui-datepicker-div &gt; div &gt; a.ui-datepicker-prev.ui-corner-all</arg>
<doc>Click the element identified by ``locator``.</doc>
<msg timestamp="20231211 00:58:58.239" level="INFO">Clicking element 'css=#ui-datepicker-div &gt; div &gt; a.ui-datepicker-prev.ui-corner-all'.</msg>
<status status="PASS" starttime="20231211 00:58:58.238" endtime="20231211 00:58:58.332"/>
</kw>
<msg timestamp="20231211 00:58:58.333" level="INFO">Repeating keyword, round 34/506.</msg>
<kw name="Click Element" library="SeleniumLibrary">
<arg>css=#ui-datepicker-div &gt; div &gt; a.ui-datepicker-prev.ui-corner-all</arg>
<doc>Click the element identified by ``locator``.</doc>
<msg timestamp="20231211 00:58:58.334" level="INFO">Clicking element 'css=#ui-datepicker-div &gt; div &gt; a.ui-datepicker-prev.ui-corner-all'.</msg>
<status status="PASS" starttime="20231211 00:58:58.333" endtime="20231211 00:58:58.413"/>
</kw>
<msg timestamp="20231211 00:58:58.413" level="INFO">Repeating keyword, round 35/506.</msg>
<kw name="Click Element" library="SeleniumLibrary">
<arg>css=#ui-datepicker-div &gt; div &gt; a.ui-datepicker-prev.ui-corner-all</arg>
<doc>Click the element identified by ``locator``.</doc>
<msg timestamp="20231211 00:58:58.413" level="INFO">Clicking element 'css=#ui-datepicker-div &gt; div &gt; a.ui-datepicker-prev.ui-corner-all'.</msg>
<status status="PASS" starttime="20231211 00:58:58.413" endtime="20231211 00:58:58.500"/>
</kw>
<msg timestamp="20231211 00:58:58.500" level="INFO">Repeating keyword, round 36/506.</msg>
<kw name="Click Element" library="SeleniumLibrary">
<arg>css=#ui-datepicker-div &gt; div &gt; a.ui-datepicker-prev.ui-corner-all</arg>
<doc>Click the element identified by ``locator``.</doc>
<msg timestamp="20231211 00:58:58.501" level="INFO">Clicking element 'css=#ui-datepicker-div &gt; div &gt; a.ui-datepicker-prev.ui-corner-all'.</msg>
<status status="PASS" starttime="20231211 00:58:58.501" endtime="20231211 00:58:58.590"/>
</kw>
<msg timestamp="20231211 00:58:58.590" level="INFO">Repeating keyword, round 37/506.</msg>
<kw name="Click Element" library="SeleniumLibrary">
<arg>css=#ui-datepicker-div &gt; div &gt; a.ui-datepicker-prev.ui-corner-all</arg>
<doc>Click the element identified by ``locator``.</doc>
<msg timestamp="20231211 00:58:58.591" level="INFO">Clicking element 'css=#ui-datepicker-div &gt; div &gt; a.ui-datepicker-prev.ui-corner-all'.</msg>
<status status="PASS" starttime="20231211 00:58:58.591" endtime="20231211 00:58:58.674"/>
</kw>
<msg timestamp="20231211 00:58:58.675" level="INFO">Repeating keyword, round 38/506.</msg>
<kw name="Click Element" library="SeleniumLibrary">
<arg>css=#ui-datepicker-div &gt; div &gt; a.ui-datepicker-prev.ui-corner-all</arg>
<doc>Click the element identified by ``locator``.</doc>
<msg timestamp="20231211 00:58:58.675" level="INFO">Clicking element 'css=#ui-datepicker-div &gt; div &gt; a.ui-datepicker-prev.ui-corner-all'.</msg>
<status status="PASS" starttime="20231211 00:58:58.675" endtime="20231211 00:58:58.764"/>
</kw>
<msg timestamp="20231211 00:58:58.764" level="INFO">Repeating keyword, round 39/506.</msg>
<kw name="Click Element" library="SeleniumLibrary">
<arg>css=#ui-datepicker-div &gt; div &gt; a.ui-datepicker-prev.ui-corner-all</arg>
<doc>Click the element identified by ``locator``.</doc>
<msg timestamp="20231211 00:58:58.764" level="INFO">Clicking element 'css=#ui-datepicker-div &gt; div &gt; a.ui-datepicker-prev.ui-corner-all'.</msg>
<status status="PASS" starttime="20231211 00:58:58.764" endtime="20231211 00:58:58.847"/>
</kw>
<msg timestamp="20231211 00:58:58.848" level="INFO">Repeating keyword, round 40/506.</msg>
<kw name="Click Element" library="SeleniumLibrary">
<arg>css=#ui-datepicker-div &gt; div &gt; a.ui-datepicker-prev.ui-corner-all</arg>
<doc>Click the element identified by ``locator``.</doc>
<msg timestamp="20231211 00:58:58.849" level="INFO">Clicking element 'css=#ui-datepicker-div &gt; div &gt; a.ui-datepicker-prev.ui-corner-all'.</msg>
<status status="PASS" starttime="20231211 00:58:58.848" endtime="20231211 00:58:58.940"/>
</kw>
<msg timestamp="20231211 00:58:58.940" level="INFO">Repeating keyword, round 41/506.</msg>
<kw name="Click Element" library="SeleniumLibrary">
<arg>css=#ui-datepicker-div &gt; div &gt; a.ui-datepicker-prev.ui-corner-all</arg>
<doc>Click the element identified by ``locator``.</doc>
<msg timestamp="20231211 00:58:58.940" level="INFO">Clicking element 'css=#ui-datepicker-div &gt; div &gt; a.ui-datepicker-prev.ui-corner-all'.</msg>
<status status="PASS" starttime="20231211 00:58:58.940" endtime="20231211 00:58:59.027"/>
</kw>
<msg timestamp="20231211 00:58:59.027" level="INFO">Repeating keyword, round 42/506.</msg>
<kw name="Click Element" library="SeleniumLibrary">
<arg>css=#ui-datepicker-div &gt; div &gt; a.ui-datepicker-prev.ui-corner-all</arg>
<doc>Click the element identified by ``locator``.</doc>
<msg timestamp="20231211 00:58:59.027" level="INFO">Clicking element 'css=#ui-datepicker-div &gt; div &gt; a.ui-datepicker-prev.ui-corner-all'.</msg>
<status status="PASS" starttime="20231211 00:58:59.027" endtime="20231211 00:58:59.119"/>
</kw>
<msg timestamp="20231211 00:58:59.119" level="INFO">Repeating keyword, round 43/506.</msg>
<kw name="Click Element" library="SeleniumLibrary">
<arg>css=#ui-datepicker-div &gt; div &gt; a.ui-datepicker-prev.ui-corner-all</arg>
<doc>Click the element identified by ``locator``.</doc>
<msg timestamp="20231211 00:58:59.120" level="INFO">Clicking element 'css=#ui-datepicker-div &gt; div &gt; a.ui-datepicker-prev.ui-corner-all'.</msg>
<status status="PASS" starttime="20231211 00:58:59.119" endtime="20231211 00:58:59.202"/>
</kw>
<msg timestamp="20231211 00:58:59.202" level="INFO">Repeating keyword, round 44/506.</msg>
<kw name="Click Element" library="SeleniumLibrary">
<arg>css=#ui-datepicker-div &gt; div &gt; a.ui-datepicker-prev.ui-corner-all</arg>
<doc>Click the element identified by ``locator``.</doc>
<msg timestamp="20231211 00:58:59.203" level="INFO">Clicking element 'css=#ui-datepicker-div &gt; div &gt; a.ui-datepicker-prev.ui-corner-all'.</msg>
<status status="PASS" starttime="20231211 00:58:59.202" endtime="20231211 00:58:59.292"/>
</kw>
<msg timestamp="20231211 00:58:59.293" level="INFO">Repeating keyword, round 45/506.</msg>
<kw name="Click Element" library="SeleniumLibrary">
<arg>css=#ui-datepicker-div &gt; div &gt; a.ui-datepicker-prev.ui-corner-all</arg>
<doc>Click the element identified by ``locator``.</doc>
<msg timestamp="20231211 00:58:59.294" level="INFO">Clicking element 'css=#ui-datepicker-div &gt; div &gt; a.ui-datepicker-prev.ui-corner-all'.</msg>
<status status="PASS" starttime="20231211 00:58:59.293" endtime="20231211 00:58:59.381"/>
</kw>
<msg timestamp="20231211 00:58:59.381" level="INFO">Repeating keyword, round 46/506.</msg>
<kw name="Click Element" library="SeleniumLibrary">
<arg>css=#ui-datepicker-div &gt; div &gt; a.ui-datepicker-prev.ui-corner-all</arg>
<doc>Click the element identified by ``locator``.</doc>
<msg timestamp="20231211 00:58:59.382" level="INFO">Clicking element 'css=#ui-datepicker-div &gt; div &gt; a.ui-datepicker-prev.ui-corner-all'.</msg>
<status status="PASS" starttime="20231211 00:58:59.382" endtime="20231211 00:58:59.474"/>
</kw>
<msg timestamp="20231211 00:58:59.474" level="INFO">Repeating keyword, round 47/506.</msg>
<kw name="Click Element" library="SeleniumLibrary">
<arg>css=#ui-datepicker-div &gt; div &gt; a.ui-datepicker-prev.ui-corner-all</arg>
<doc>Click the element identified by ``locator``.</doc>
<msg timestamp="20231211 00:58:59.475" level="INFO">Clicking element 'css=#ui-datepicker-div &gt; div &gt; a.ui-datepicker-prev.ui-corner-all'.</msg>
<status status="PASS" starttime="20231211 00:58:59.474" endtime="20231211 00:58:59.563"/>
</kw>
<msg timestamp="20231211 00:58:59.563" level="INFO">Repeating keyword, round 48/506.</msg>
<kw name="Click Element" library="SeleniumLibrary">
<arg>css=#ui-datepicker-div &gt; div &gt; a.ui-datepicker-prev.ui-corner-all</arg>
<doc>Click the element identified by ``locator``.</doc>
<msg timestamp="20231211 00:58:59.564" level="INFO">Clicking element 'css=#ui-datepicker-div &gt; div &gt; a.ui-datepicker-prev.ui-corner-all'.</msg>
<status status="PASS" starttime="20231211 00:58:59.564" endtime="20231211 00:58:59.659"/>
</kw>
<msg timestamp="20231211 00:58:59.659" level="INFO">Repeating keyword, round 49/506.</msg>
<kw name="Click Element" library="SeleniumLibrary">
<arg>css=#ui-datepicker-div &gt; div &gt; a.ui-datepicker-prev.ui-corner-all</arg>
<doc>Click the element identified by ``locator``.</doc>
<msg timestamp="20231211 00:58:59.660" level="INFO">Clicking element 'css=#ui-datepicker-div &gt; div &gt; a.ui-datepicker-prev.ui-corner-all'.</msg>
<status status="PASS" starttime="20231211 00:58:59.659" endtime="20231211 00:58:59.748"/>
</kw>
<msg timestamp="20231211 00:58:59.748" level="INFO">Repeating keyword, round 50/506.</msg>
<kw name="Click Element" library="SeleniumLibrary">
<arg>css=#ui-datepicker-div &gt; div &gt; a.ui-datepicker-prev.ui-corner-all</arg>
<doc>Click the element identified by ``locator``.</doc>
<msg timestamp="20231211 00:58:59.749" level="INFO">Clicking element 'css=#ui-datepicker-div &gt; div &gt; a.ui-datepicker-prev.ui-corner-all'.</msg>
<status status="PASS" starttime="20231211 00:58:59.749" endtime="20231211 00:58:59.837"/>
</kw>
<msg timestamp="20231211 00:58:59.837" level="INFO">Repeating keyword, round 51/506.</msg>
<kw name="Click Element" library="SeleniumLibrary">
<arg>css=#ui-datepicker-div &gt; div &gt; a.ui-datepicker-prev.ui-corner-all</arg>
<doc>Click the element identified by ``locator``.</doc>
<msg timestamp="20231211 00:58:59.838" level="INFO">Clicking element 'css=#ui-datepicker-div &gt; div &gt; a.ui-datepicker-prev.ui-corner-all'.</msg>
<status status="PASS" starttime="20231211 00:58:59.837" endtime="20231211 00:58:59.926"/>
</kw>
<msg timestamp="20231211 00:58:59.927" level="INFO">Repeating keyword, round 52/506.</msg>
<kw name="Click Element" library="SeleniumLibrary">
<arg>css=#ui-datepicker-div &gt; div &gt; a.ui-datepicker-prev.ui-corner-all</arg>
<doc>Click the element identified by ``locator``.</doc>
<msg timestamp="20231211 00:58:59.927" level="INFO">Clicking element 'css=#ui-datepicker-div &gt; div &gt; a.ui-datepicker-prev.ui-corner-all'.</msg>
<status status="PASS" starttime="20231211 00:58:59.927" endtime="20231211 00:59:00.011"/>
</kw>
<msg timestamp="20231211 00:59:00.012" level="INFO">Repeating keyword, round 53/506.</msg>
<kw name="Click Element" library="SeleniumLibrary">
<arg>css=#ui-datepicker-div &gt; div &gt; a.ui-datepicker-prev.ui-corner-all</arg>
<doc>Click the element identified by ``locator``.</doc>
<msg timestamp="20231211 00:59:00.013" level="INFO">Clicking element 'css=#ui-datepicker-div &gt; div &gt; a.ui-datepicker-prev.ui-corner-all'.</msg>
<status status="PASS" starttime="20231211 00:59:00.012" endtime="20231211 00:59:00.097"/>
</kw>
<msg timestamp="20231211 00:59:00.097" level="INFO">Repeating keyword, round 54/506.</msg>
<kw name="Click Element" library="SeleniumLibrary">
<arg>css=#ui-datepicker-div &gt; div &gt; a.ui-datepicker-prev.ui-corner-all</arg>
<doc>Click the element identified by ``locator``.</doc>
<msg timestamp="20231211 00:59:00.098" level="INFO">Clicking element 'css=#ui-datepicker-div &gt; div &gt; a.ui-datepicker-prev.ui-corner-all'.</msg>
<status status="PASS" starttime="20231211 00:59:00.098" endtime="20231211 00:59:00.189"/>
</kw>
<msg timestamp="20231211 00:59:00.189" level="INFO">Repeating keyword, round 55/506.</msg>
<kw name="Click Element" library="SeleniumLibrary">
<arg>css=#ui-datepicker-div &gt; div &gt; a.ui-datepicker-prev.ui-corner-all</arg>
<doc>Click the element identified by ``locator``.</doc>
<msg timestamp="20231211 00:59:00.189" level="INFO">Clicking element 'css=#ui-datepicker-div &gt; div &gt; a.ui-datepicker-prev.ui-corner-all'.</msg>
<status status="PASS" starttime="20231211 00:59:00.189" endtime="20231211 00:59:00.276"/>
</kw>
<msg timestamp="20231211 00:59:00.276" level="INFO">Repeating keyword, round 56/506.</msg>
<kw name="Click Element" library="SeleniumLibrary">
<arg>css=#ui-datepicker-div &gt; div &gt; a.ui-datepicker-prev.ui-corner-all</arg>
<doc>Click the element identified by ``locator``.</doc>
<msg timestamp="20231211 00:59:00.277" level="INFO">Clicking element 'css=#ui-datepicker-div &gt; div &gt; a.ui-datepicker-prev.ui-corner-all'.</msg>
<status status="PASS" starttime="20231211 00:59:00.276" endtime="20231211 00:59:00.355"/>
</kw>
<msg timestamp="20231211 00:59:00.355" level="INFO">Repeating keyword, round 57/506.</msg>
<kw name="Click Element" library="SeleniumLibrary">
<arg>css=#ui-datepicker-div &gt; div &gt; a.ui-datepicker-prev.ui-corner-all</arg>
<doc>Click the element identified by ``locator``.</doc>
<msg timestamp="20231211 00:59:00.356" level="INFO">Clicking element 'css=#ui-datepicker-div &gt; div &gt; a.ui-datepicker-prev.ui-corner-all'.</msg>
<status status="PASS" starttime="20231211 00:59:00.356" endtime="20231211 00:59:00.436"/>
</kw>
<msg timestamp="20231211 00:59:00.436" level="INFO">Repeating keyword, round 58/506.</msg>
<kw name="Click Element" library="SeleniumLibrary">
<arg>css=#ui-datepicker-div &gt; div &gt; a.ui-datepicker-prev.ui-corner-all</arg>
<doc>Click the element identified by ``locator``.</doc>
<msg timestamp="20231211 00:59:00.438" level="INFO">Clicking element 'css=#ui-datepicker-div &gt; div &gt; a.ui-datepicker-prev.ui-corner-all'.</msg>
<status status="PASS" starttime="20231211 00:59:00.437" endtime="20231211 00:59:00.520"/>
</kw>
<msg timestamp="20231211 00:59:00.520" level="INFO">Repeating keyword, round 59/506.</msg>
<kw name="Click Element" library="SeleniumLibrary">
<arg>css=#ui-datepicker-div &gt; div &gt; a.ui-datepicker-prev.ui-corner-all</arg>
<doc>Click the element identified by ``locator``.</doc>
<msg timestamp="20231211 00:59:00.521" level="INFO">Clicking element 'css=#ui-datepicker-div &gt; div &gt; a.ui-datepicker-prev.ui-corner-all'.</msg>
<status status="PASS" starttime="20231211 00:59:00.520" endtime="20231211 00:59:00.604"/>
</kw>
<msg timestamp="20231211 00:59:00.604" level="INFO">Repeating keyword, round 60/506.</msg>
<kw name="Click Element" library="SeleniumLibrary">
<arg>css=#ui-datepicker-div &gt; div &gt; a.ui-datepicker-prev.ui-corner-all</arg>
<doc>Click the element identified by ``locator``.</doc>
<msg timestamp="20231211 00:59:00.605" level="INFO">Clicking element 'css=#ui-datepicker-div &gt; div &gt; a.ui-datepicker-prev.ui-corner-all'.</msg>
<status status="PASS" starttime="20231211 00:59:00.605" endtime="20231211 00:59:00.697"/>
</kw>
<msg timestamp="20231211 00:59:00.697" level="INFO">Repeating keyword, round 61/506.</msg>
<kw name="Click Element" library="SeleniumLibrary">
<arg>css=#ui-datepicker-div &gt; div &gt; a.ui-datepicker-prev.ui-corner-all</arg>
<doc>Click the element identified by ``locator``.</doc>
<msg timestamp="20231211 00:59:00.698" level="INFO">Clicking element 'css=#ui-datepicker-div &gt; div &gt; a.ui-datepicker-prev.ui-corner-all'.</msg>
<status status="PASS" starttime="20231211 00:59:00.697" endtime="20231211 00:59:00.784"/>
</kw>
<msg timestamp="20231211 00:59:00.784" level="INFO">Repeating keyword, round 62/506.</msg>
<kw name="Click Element" library="SeleniumLibrary">
<arg>css=#ui-datepicker-div &gt; div &gt; a.ui-datepicker-prev.ui-corner-all</arg>
<doc>Click the element identified by ``locator``.</doc>
<msg timestamp="20231211 00:59:00.785" level="INFO">Clicking element 'css=#ui-datepicker-div &gt; div &gt; a.ui-datepicker-prev.ui-corner-all'.</msg>
<status status="PASS" starttime="20231211 00:59:00.785" endtime="20231211 00:59:00.871"/>
</kw>
<msg timestamp="20231211 00:59:00.871" level="INFO">Repeating keyword, round 63/506.</msg>
<kw name="Click Element" library="SeleniumLibrary">
<arg>css=#ui-datepicker-div &gt; div &gt; a.ui-datepicker-prev.ui-corner-all</arg>
<doc>Click the element identified by ``locator``.</doc>
<msg timestamp="20231211 00:59:00.872" level="INFO">Clicking element 'css=#ui-datepicker-div &gt; div &gt; a.ui-datepicker-prev.ui-corner-all'.</msg>
<status status="PASS" starttime="20231211 00:59:00.871" endtime="20231211 00:59:00.957"/>
</kw>
<msg timestamp="20231211 00:59:00.958" level="INFO">Repeating keyword, round 64/506.</msg>
<kw name="Click Element" library="SeleniumLibrary">
<arg>css=#ui-datepicker-div &gt; div &gt; a.ui-datepicker-prev.ui-corner-all</arg>
<doc>Click the element identified by ``locator``.</doc>
<msg timestamp="20231211 00:59:00.958" level="INFO">Clicking element 'css=#ui-datepicker-div &gt; div &gt; a.ui-datepicker-prev.ui-corner-all'.</msg>
<status status="PASS" starttime="20231211 00:59:00.958" endtime="20231211 00:59:01.049"/>
</kw>
<msg timestamp="20231211 00:59:01.049" level="INFO">Repeating keyword, round 65/506.</msg>
<kw name="Click Element" library="SeleniumLibrary">
<arg>css=#ui-datepicker-div &gt; div &gt; a.ui-datepicker-prev.ui-corner-all</arg>
<doc>Click the element identified by ``locator``.</doc>
<msg timestamp="20231211 00:59:01.050" level="INFO">Clicking element 'css=#ui-datepicker-div &gt; div &gt; a.ui-datepicker-prev.ui-corner-all'.</msg>
<status status="PASS" starttime="20231211 00:59:01.049" endtime="20231211 00:59:01.131"/>
</kw>
<msg timestamp="20231211 00:59:01.131" level="INFO">Repeating keyword, round 66/506.</msg>
<kw name="Click Element" library="SeleniumLibrary">
<arg>css=#ui-datepicker-div &gt; div &gt; a.ui-datepicker-prev.ui-corner-all</arg>
<doc>Click the element identified by ``locator``.</doc>
<msg timestamp="20231211 00:59:01.132" level="INFO">Clicking element 'css=#ui-datepicker-div &gt; div &gt; a.ui-datepicker-prev.ui-corner-all'.</msg>
<status status="PASS" starttime="20231211 00:59:01.131" endtime="20231211 00:59:01.219"/>
</kw>
<msg timestamp="20231211 00:59:01.220" level="INFO">Repeating keyword, round 67/506.</msg>
<kw name="Click Element" library="SeleniumLibrary">
<arg>css=#ui-datepicker-div &gt; div &gt; a.ui-datepicker-prev.ui-corner-all</arg>
<doc>Click the element identified by ``locator``.</doc>
<msg timestamp="20231211 00:59:01.220" level="INFO">Clicking element 'css=#ui-datepicker-div &gt; div &gt; a.ui-datepicker-prev.ui-corner-all'.</msg>
<status status="PASS" starttime="20231211 00:59:01.220" endtime="20231211 00:59:01.314"/>
</kw>
<msg timestamp="20231211 00:59:01.314" level="INFO">Repeating keyword, round 68/506.</msg>
<kw name="Click Element" library="SeleniumLibrary">
<arg>css=#ui-datepicker-div &gt; div &gt; a.ui-datepicker-prev.ui-corner-all</arg>
<doc>Click the element identified by ``locator``.</doc>
<msg timestamp="20231211 00:59:01.314" level="INFO">Clicking element 'css=#ui-datepicker-div &gt; div &gt; a.ui-datepicker-prev.ui-corner-all'.</msg>
<status status="PASS" starttime="20231211 00:59:01.314" endtime="20231211 00:59:01.404"/>
</kw>
<msg timestamp="20231211 00:59:01.404" level="INFO">Repeating keyword, round 69/506.</msg>
<kw name="Click Element" library="SeleniumLibrary">
<arg>css=#ui-datepicker-div &gt; div &gt; a.ui-datepicker-prev.ui-corner-all</arg>
<doc>Click the element identified by ``locator``.</doc>
<msg timestamp="20231211 00:59:01.405" level="INFO">Clicking element 'css=#ui-datepicker-div &gt; div &gt; a.ui-datepicker-prev.ui-corner-all'.</msg>
<status status="PASS" starttime="20231211 00:59:01.404" endtime="20231211 00:59:01.495"/>
</kw>
<msg timestamp="20231211 00:59:01.495" level="INFO">Repeating keyword, round 70/506.</msg>
<kw name="Click Element" library="SeleniumLibrary">
<arg>css=#ui-datepicker-div &gt; div &gt; a.ui-datepicker-prev.ui-corner-all</arg>
<doc>Click the element identified by ``locator``.</doc>
<msg timestamp="20231211 00:59:01.496" level="INFO">Clicking element 'css=#ui-datepicker-div &gt; div &gt; a.ui-datepicker-prev.ui-corner-all'.</msg>
<status status="PASS" starttime="20231211 00:59:01.495" endtime="20231211 00:59:01.580"/>
</kw>
<msg timestamp="20231211 00:59:01.582" level="INFO">Repeating keyword, round 71/506.</msg>
<kw name="Click Element" library="SeleniumLibrary">
<arg>css=#ui-datepicker-div &gt; div &gt; a.ui-datepicker-prev.ui-corner-all</arg>
<doc>Click the element identified by ``locator``.</doc>
<msg timestamp="20231211 00:59:01.583" level="INFO">Clicking element 'css=#ui-datepicker-div &gt; div &gt; a.ui-datepicker-prev.ui-corner-all'.</msg>
<status status="PASS" starttime="20231211 00:59:01.582" endtime="20231211 00:59:01.680"/>
</kw>
<msg timestamp="20231211 00:59:01.680" level="INFO">Repeating keyword, round 72/506.</msg>
<kw name="Click Element" library="SeleniumLibrary">
<arg>css=#ui-datepicker-div &gt; div &gt; a.ui-datepicker-prev.ui-corner-all</arg>
<doc>Click the element identified by ``locator``.</doc>
<msg timestamp="20231211 00:59:01.681" level="INFO">Clicking element 'css=#ui-datepicker-div &gt; div &gt; a.ui-datepicker-prev.ui-corner-all'.</msg>
<status status="PASS" starttime="20231211 00:59:01.681" endtime="20231211 00:59:01.768"/>
</kw>
<msg timestamp="20231211 00:59:01.768" level="INFO">Repeating keyword, round 73/506.</msg>
<kw name="Click Element" library="SeleniumLibrary">
<arg>css=#ui-datepicker-div &gt; div &gt; a.ui-datepicker-prev.ui-corner-all</arg>
<doc>Click the element identified by ``locator``.</doc>
<msg timestamp="20231211 00:59:01.769" level="INFO">Clicking element 'css=#ui-datepicker-div &gt; div &gt; a.ui-datepicker-prev.ui-corner-all'.</msg>
<status status="PASS" starttime="20231211 00:59:01.768" endtime="20231211 00:59:01.861"/>
</kw>
<msg timestamp="20231211 00:59:01.861" level="INFO">Repeating keyword, round 74/506.</msg>
<kw name="Click Element" library="SeleniumLibrary">
<arg>css=#ui-datepicker-div &gt; div &gt; a.ui-datepicker-prev.ui-corner-all</arg>
<doc>Click the element identified by ``locator``.</doc>
<msg timestamp="20231211 00:59:01.862" level="INFO">Clicking element 'css=#ui-datepicker-div &gt; div &gt; a.ui-datepicker-prev.ui-corner-all'.</msg>
<status status="PASS" starttime="20231211 00:59:01.861" endtime="20231211 00:59:01.948"/>
</kw>
<msg timestamp="20231211 00:59:01.949" level="INFO">Repeating keyword, round 75/506.</msg>
<kw name="Click Element" library="SeleniumLibrary">
<arg>css=#ui-datepicker-div &gt; div &gt; a.ui-datepicker-prev.ui-corner-all</arg>
<doc>Click the element identified by ``locator``.</doc>
<msg timestamp="20231211 00:59:01.951" level="INFO">Clicking element 'css=#ui-datepicker-div &gt; div &gt; a.ui-datepicker-prev.ui-corner-all'.</msg>
<status status="PASS" starttime="20231211 00:59:01.949" endtime="20231211 00:59:02.043"/>
</kw>
<msg timestamp="20231211 00:59:02.043" level="INFO">Repeating keyword, round 76/506.</msg>
<kw name="Click Element" library="SeleniumLibrary">
<arg>css=#ui-datepicker-div &gt; div &gt; a.ui-datepicker-prev.ui-corner-all</arg>
<doc>Click the element identified by ``locator``.</doc>
<msg timestamp="20231211 00:59:02.045" level="INFO">Clicking element 'css=#ui-datepicker-div &gt; div &gt; a.ui-datepicker-prev.ui-corner-all'.</msg>
<status status="PASS" starttime="20231211 00:59:02.043" endtime="20231211 00:59:02.134"/>
</kw>
<msg timestamp="20231211 00:59:02.134" level="INFO">Repeating keyword, round 77/506.</msg>
<kw name="Click Element" library="SeleniumLibrary">
<arg>css=#ui-datepicker-div &gt; div &gt; a.ui-datepicker-prev.ui-corner-all</arg>
<doc>Click the element identified by ``locator``.</doc>
<msg timestamp="20231211 00:59:02.136" level="INFO">Clicking element 'css=#ui-datepicker-div &gt; div &gt; a.ui-datepicker-prev.ui-corner-all'.</msg>
<status status="PASS" starttime="20231211 00:59:02.136" endtime="20231211 00:59:02.212"/>
</kw>
<msg timestamp="20231211 00:59:02.212" level="INFO">Repeating keyword, round 78/506.</msg>
<kw name="Click Element" library="SeleniumLibrary">
<arg>css=#ui-datepicker-div &gt; div &gt; a.ui-datepicker-prev.ui-corner-all</arg>
<doc>Click the element identified by ``locator``.</doc>
<msg timestamp="20231211 00:59:02.213" level="INFO">Clicking element 'css=#ui-datepicker-div &gt; div &gt; a.ui-datepicker-prev.ui-corner-all'.</msg>
<status status="PASS" starttime="20231211 00:59:02.212" endtime="20231211 00:59:02.262"/>
</kw>
<msg timestamp="20231211 00:59:02.262" level="INFO">Repeating keyword, round 79/506.</msg>
<kw name="Click Element" library="SeleniumLibrary">
<arg>css=#ui-datepicker-div &gt; div &gt; a.ui-datepicker-prev.ui-corner-all</arg>
<doc>Click the element identified by ``locator``.</doc>
<msg timestamp="20231211 00:59:02.263" level="INFO">Clicking element 'css=#ui-datepicker-div &gt; div &gt; a.ui-datepicker-prev.ui-corner-all'.</msg>
<status status="PASS" starttime="20231211 00:59:02.262" endtime="20231211 00:59:02.349"/>
</kw>
<msg timestamp="20231211 00:59:02.349" level="INFO">Repeating keyword, round 80/506.</msg>
<kw name="Click Element" library="SeleniumLibrary">
<arg>css=#ui-datepicker-div &gt; div &gt; a.ui-datepicker-prev.ui-corner-all</arg>
<doc>Click the element identified by ``locator``.</doc>
<msg timestamp="20231211 00:59:02.349" level="INFO">Clicking element 'css=#ui-datepicker-div &gt; div &gt; a.ui-datepicker-prev.ui-corner-all'.</msg>
<status status="PASS" starttime="20231211 00:59:02.349" endtime="20231211 00:59:02.434"/>
</kw>
<msg timestamp="20231211 00:59:02.434" level="INFO">Repeating keyword, round 81/506.</msg>
<kw name="Click Element" library="SeleniumLibrary">
<arg>css=#ui-datepicker-div &gt; div &gt; a.ui-datepicker-prev.ui-corner-all</arg>
<doc>Click the element identified by ``locator``.</doc>
<msg timestamp="20231211 00:59:02.435" level="INFO">Clicking element 'css=#ui-datepicker-div &gt; div &gt; a.ui-datepicker-prev.ui-corner-all'.</msg>
<status status="PASS" starttime="20231211 00:59:02.434" endtime="20231211 00:59:02.527"/>
</kw>
<msg timestamp="20231211 00:59:02.527" level="INFO">Repeating keyword, round 82/506.</msg>
<kw name="Click Element" library="SeleniumLibrary">
<arg>css=#ui-datepicker-div &gt; div &gt; a.ui-datepicker-prev.ui-corner-all</arg>
<doc>Click the element identified by ``locator``.</doc>
<msg timestamp="20231211 00:59:02.527" level="INFO">Clicking element 'css=#ui-datepicker-div &gt; div &gt; a.ui-datepicker-prev.ui-corner-all'.</msg>
<status status="PASS" starttime="20231211 00:59:02.527" endtime="20231211 00:59:02.612"/>
</kw>
<msg timestamp="20231211 00:59:02.612" level="INFO">Repeating keyword, round 83/506.</msg>
<kw name="Click Element" library="SeleniumLibrary">
<arg>css=#ui-datepicker-div &gt; div &gt; a.ui-datepicker-prev.ui-corner-all</arg>
<doc>Click the element identified by ``locator``.</doc>
<msg timestamp="20231211 00:59:02.614" level="INFO">Clicking element 'css=#ui-datepicker-div &gt; div &gt; a.ui-datepicker-prev.ui-corner-all'.</msg>
<status status="PASS" starttime="20231211 00:59:02.613" endtime="20231211 00:59:02.702"/>
</kw>
<msg timestamp="20231211 00:59:02.702" level="INFO">Repeating keyword, round 84/506.</msg>
<kw name="Click Element" library="SeleniumLibrary">
<arg>css=#ui-datepicker-div &gt; div &gt; a.ui-datepicker-prev.ui-corner-all</arg>
<doc>Click the element identified by ``locator``.</doc>
<msg timestamp="20231211 00:59:02.703" level="INFO">Clicking element 'css=#ui-datepicker-div &gt; div &gt; a.ui-datepicker-prev.ui-corner-all'.</msg>
<status status="PASS" starttime="20231211 00:59:02.703" endtime="20231211 00:59:02.794"/>
</kw>
<msg timestamp="20231211 00:59:02.794" level="INFO">Repeating keyword, round 85/506.</msg>
<kw name="Click Element" library="SeleniumLibrary">
<arg>css=#ui-datepicker-div &gt; div &gt; a.ui-datepicker-prev.ui-corner-all</arg>
<doc>Click the element identified by ``locator``.</doc>
<msg timestamp="20231211 00:59:02.795" level="INFO">Clicking element 'css=#ui-datepicker-div &gt; div &gt; a.ui-datepicker-prev.ui-corner-all'.</msg>
<status status="PASS" starttime="20231211 00:59:02.794" endtime="20231211 00:59:02.885"/>
</kw>
<msg timestamp="20231211 00:59:02.885" level="INFO">Repeating keyword, round 86/506.</msg>
<kw name="Click Element" library="SeleniumLibrary">
<arg>css=#ui-datepicker-div &gt; div &gt; a.ui-datepicker-prev.ui-corner-all</arg>
<doc>Click the element identified by ``locator``.</doc>
<msg timestamp="20231211 00:59:02.886" level="INFO">Clicking element 'css=#ui-datepicker-div &gt; div &gt; a.ui-datepicker-prev.ui-corner-all'.</msg>
<status status="PASS" starttime="20231211 00:59:02.886" endtime="20231211 00:59:02.972"/>
</kw>
<msg timestamp="20231211 00:59:02.973" level="INFO">Repeating keyword, round 87/506.</msg>
<kw name="Click Element" library="SeleniumLibrary">
<arg>css=#ui-datepicker-div &gt; div &gt; a.ui-datepicker-prev.ui-corner-all</arg>
<doc>Click the element identified by ``locator``.</doc>
<msg timestamp="20231211 00:59:02.973" level="INFO">Clicking element 'css=#ui-datepicker-div &gt; div &gt; a.ui-datepicker-prev.ui-corner-all'.</msg>
<status status="PASS" starttime="20231211 00:59:02.973" endtime="20231211 00:59:03.062"/>
</kw>
<msg timestamp="20231211 00:59:03.063" level="INFO">Repeating keyword, round 88/506.</msg>
<kw name="Click Element" library="SeleniumLibrary">
<arg>css=#ui-datepicker-div &gt; div &gt; a.ui-datepicker-prev.ui-corner-all</arg>
<doc>Click the element identified by ``locator``.</doc>
<msg timestamp="20231211 00:59:03.063" level="INFO">Clicking element 'css=#ui-datepicker-div &gt; div &gt; a.ui-datepicker-prev.ui-corner-all'.</msg>
<status status="PASS" starttime="20231211 00:59:03.063" endtime="20231211 00:59:03.150"/>
</kw>
<msg timestamp="20231211 00:59:03.150" level="INFO">Repeating keyword, round 89/506.</msg>
<kw name="Click Element" library="SeleniumLibrary">
<arg>css=#ui-datepicker-div &gt; div &gt; a.ui-datepicker-prev.ui-corner-all</arg>
<doc>Click the element identified by ``locator``.</doc>
<msg timestamp="20231211 00:59:03.151" level="INFO">Clicking element 'css=#ui-datepicker-div &gt; div &gt; a.ui-datepicker-prev.ui-corner-all'.</msg>
<status status="PASS" starttime="20231211 00:59:03.150" endtime="20231211 00:59:03.242"/>
</kw>
<msg timestamp="20231211 00:59:03.242" level="INFO">Repeating keyword, round 90/506.</msg>
<kw name="Click Element" library="SeleniumLibrary">
<arg>css=#ui-datepicker-div &gt; div &gt; a.ui-datepicker-prev.ui-corner-all</arg>
<doc>Click the element identified by ``locator``.</doc>
<msg timestamp="20231211 00:59:03.245" level="INFO">Clicking element 'css=#ui-datepicker-div &gt; div &gt; a.ui-datepicker-prev.ui-corner-all'.</msg>
<status status="PASS" starttime="20231211 00:59:03.243" endtime="20231211 00:59:03.337"/>
</kw>
<msg timestamp="20231211 00:59:03.338" level="INFO">Repeating keyword, round 91/506.</msg>
<kw name="Click Element" library="SeleniumLibrary">
<arg>css=#ui-datepicker-div &gt; div &gt; a.ui-datepicker-prev.ui-corner-all</arg>
<doc>Click the element identified by ``locator``.</doc>
<msg timestamp="20231211 00:59:03.338" level="INFO">Clicking element 'css=#ui-datepicker-div &gt; div &gt; a.ui-datepicker-prev.ui-corner-all'.</msg>
<status status="PASS" starttime="20231211 00:59:03.338" endtime="20231211 00:59:03.430"/>
</kw>
<msg timestamp="20231211 00:59:03.431" level="INFO">Repeating keyword, round 92/506.</msg>
<kw name="Click Element" library="SeleniumLibrary">
<arg>css=#ui-datepicker-div &gt; div &gt; a.ui-datepicker-prev.ui-corner-all</arg>
<doc>Click the element identified by ``locator``.</doc>
<msg timestamp="20231211 00:59:03.432" level="INFO">Clicking element 'css=#ui-datepicker-div &gt; div &gt; a.ui-datepicker-prev.ui-corner-all'.</msg>
<status status="PASS" starttime="20231211 00:59:03.431" endtime="20231211 00:59:03.528"/>
</kw>
<msg timestamp="20231211 00:59:03.528" level="INFO">Repeating keyword, round 93/506.</msg>
<kw name="Click Element" library="SeleniumLibrary">
<arg>css=#ui-datepicker-div &gt; div &gt; a.ui-datepicker-prev.ui-corner-all</arg>
<doc>Click the element identified by ``locator``.</doc>
<msg timestamp="20231211 00:59:03.529" level="INFO">Clicking element 'css=#ui-datepicker-div &gt; div &gt; a.ui-datepicker-prev.ui-corner-all'.</msg>
<status status="PASS" starttime="20231211 00:59:03.528" endtime="20231211 00:59:03.590"/>
</kw>
<msg timestamp="20231211 00:59:03.590" level="INFO">Repeating keyword, round 94/506.</msg>
<kw name="Click Element" library="SeleniumLibrary">
<arg>css=#ui-datepicker-div &gt; div &gt; a.ui-datepicker-prev.ui-corner-all</arg>
<doc>Click the element identified by ``locator``.</doc>
<msg timestamp="20231211 00:59:03.591" level="INFO">Clicking element 'css=#ui-datepicker-div &gt; div &gt; a.ui-datepicker-prev.ui-corner-all'.</msg>
<status status="PASS" starttime="20231211 00:59:03.590" endtime="20231211 00:59:03.647"/>
</kw>
<msg timestamp="20231211 00:59:03.647" level="INFO">Repeating keyword, round 95/506.</msg>
<kw name="Click Element" library="SeleniumLibrary">
<arg>css=#ui-datepicker-div &gt; div &gt; a.ui-datepicker-prev.ui-corner-all</arg>
<doc>Click the element identified by ``locator``.</doc>
<msg timestamp="20231211 00:59:03.648" level="INFO">Clicking element 'css=#ui-datepicker-div &gt; div &gt; a.ui-datepicker-prev.ui-corner-all'.</msg>
<status status="PASS" starttime="20231211 00:59:03.647" endtime="20231211 00:59:03.694"/>
</kw>
<msg timestamp="20231211 00:59:03.694" level="INFO">Repeating keyword, round 96/506.</msg>
<kw name="Click Element" library="SeleniumLibrary">
<arg>css=#ui-datepicker-div &gt; div &gt; a.ui-datepicker-prev.ui-corner-all</arg>
<doc>Click the element identified by ``locator``.</doc>
<msg timestamp="20231211 00:59:03.695" level="INFO">Clicking element 'css=#ui-datepicker-div &gt; div &gt; a.ui-datepicker-prev.ui-corner-all'.</msg>
<status status="PASS" starttime="20231211 00:59:03.694" endtime="20231211 00:59:03.731"/>
</kw>
<msg timestamp="20231211 00:59:03.731" level="INFO">Repeating keyword, round 97/506.</msg>
<kw name="Click Element" library="SeleniumLibrary">
<arg>css=#ui-datepicker-div &gt; div &gt; a.ui-datepicker-prev.ui-corner-all</arg>
<doc>Click the element identified by ``locator``.</doc>
<msg timestamp="20231211 00:59:03.732" level="INFO">Clicking element 'css=#ui-datepicker-div &gt; div &gt; a.ui-datepicker-prev.ui-corner-all'.</msg>
<status status="PASS" starttime="20231211 00:59:03.731" endtime="20231211 00:59:03.775"/>
</kw>
<msg timestamp="20231211 00:59:03.775" level="INFO">Repeating keyword, round 98/506.</msg>
<kw name="Click Element" library="SeleniumLibrary">
<arg>css=#ui-datepicker-div &gt; div &gt; a.ui-datepicker-prev.ui-corner-all</arg>
<doc>Click the element identified by ``locator``.</doc>
<msg timestamp="20231211 00:59:03.776" level="INFO">Clicking element 'css=#ui-datepicker-div &gt; div &gt; a.ui-datepicker-prev.ui-corner-all'.</msg>
<status status="PASS" starttime="20231211 00:59:03.776" endtime="20231211 00:59:03.839"/>
</kw>
<msg timestamp="20231211 00:59:03.839" level="INFO">Repeating keyword, round 99/506.</msg>
<kw name="Click Element" library="SeleniumLibrary">
<arg>css=#ui-datepicker-div &gt; div &gt; a.ui-datepicker-prev.ui-corner-all</arg>
<doc>Click the element identified by ``locator``.</doc>
<msg timestamp="20231211 00:59:03.840" level="INFO">Clicking element 'css=#ui-datepicker-div &gt; div &gt; a.ui-datepicker-prev.ui-corner-all'.</msg>
<status status="PASS" starttime="20231211 00:59:03.839" endtime="20231211 00:59:03.879"/>
</kw>
<msg timestamp="20231211 00:59:03.879" level="INFO">Repeating keyword, round 100/506.</msg>
<kw name="Click Element" library="SeleniumLibrary">
<arg>css=#ui-datepicker-div &gt; div &gt; a.ui-datepicker-prev.ui-corner-all</arg>
<doc>Click the element identified by ``locator``.</doc>
<msg timestamp="20231211 00:59:03.880" level="INFO">Clicking element 'css=#ui-datepicker-div &gt; div &gt; a.ui-datepicker-prev.ui-corner-all'.</msg>
<status status="PASS" starttime="20231211 00:59:03.879" endtime="20231211 00:59:03.913"/>
</kw>
<msg timestamp="20231211 00:59:03.913" level="INFO">Repeating keyword, round 101/506.</msg>
<kw name="Click Element" library="SeleniumLibrary">
<arg>css=#ui-datepicker-div &gt; div &gt; a.ui-datepicker-prev.ui-corner-all</arg>
<doc>Click the element identified by ``locator``.</doc>
<msg timestamp="20231211 00:59:03.915" level="INFO">Clicking element 'css=#ui-datepicker-div &gt; div &gt; a.ui-datepicker-prev.ui-corner-all'.</msg>
<status status="PASS" starttime="20231211 00:59:03.913" endtime="20231211 00:59:03.952"/>
</kw>
<msg timestamp="20231211 00:59:03.952" level="INFO">Repeating keyword, round 102/506.</msg>
<kw name="Click Element" library="SeleniumLibrary">
<arg>css=#ui-datepicker-div &gt; div &gt; a.ui-datepicker-prev.ui-corner-all</arg>
<doc>Click the element identified by ``locator``.</doc>
<msg timestamp="20231211 00:59:03.952" level="INFO">Clicking element 'css=#ui-datepicker-div &gt; div &gt; a.ui-datepicker-prev.ui-corner-all'.</msg>
<status status="PASS" starttime="20231211 00:59:03.952" endtime="20231211 00:59:03.993"/>
</kw>
<msg timestamp="20231211 00:59:03.993" level="INFO">Repeating keyword, round 103/506.</msg>
<kw name="Click Element" library="SeleniumLibrary">
<arg>css=#ui-datepicker-div &gt; div &gt; a.ui-datepicker-prev.ui-corner-all</arg>
<doc>Click the element identified by ``locator``.</doc>
<msg timestamp="20231211 00:59:03.994" level="INFO">Clicking element 'css=#ui-datepicker-div &gt; div &gt; a.ui-datepicker-prev.ui-corner-all'.</msg>
<status status="PASS" starttime="20231211 00:59:03.993" endtime="20231211 00:59:04.087"/>
</kw>
<msg timestamp="20231211 00:59:04.089" level="INFO">Repeating keyword, round 104/506.</msg>
<kw name="Click Element" library="SeleniumLibrary">
<arg>css=#ui-datepicker-div &gt; div &gt; a.ui-datepicker-prev.ui-corner-all</arg>
<doc>Click the element identified by ``locator``.</doc>
<msg timestamp="20231211 00:59:04.089" level="INFO">Clicking element 'css=#ui-datepicker-div &gt; div &gt; a.ui-datepicker-prev.ui-corner-all'.</msg>
<status status="PASS" starttime="20231211 00:59:04.089" endtime="20231211 00:59:04.177"/>
</kw>
<msg timestamp="20231211 00:59:04.177" level="INFO">Repeating keyword, round 105/506.</msg>
<kw name="Click Element" library="SeleniumLibrary">
<arg>css=#ui-datepicker-div &gt; div &gt; a.ui-datepicker-prev.ui-corner-all</arg>
<doc>Click the element identified by ``locator``.</doc>
<msg timestamp="20231211 00:59:04.178" level="INFO">Clicking element 'css=#ui-datepicker-div &gt; div &gt; a.ui-datepicker-prev.ui-corner-all'.</msg>
<status status="PASS" starttime="20231211 00:59:04.177" endtime="20231211 00:59:04.267"/>
</kw>
<msg timestamp="20231211 00:59:04.267" level="INFO">Repeating keyword, round 106/506.</msg>
<kw name="Click Element" library="SeleniumLibrary">
<arg>css=#ui-datepicker-div &gt; div &gt; a.ui-datepicker-prev.ui-corner-all</arg>
<doc>Click the element identified by ``locator``.</doc>
<msg timestamp="20231211 00:59:04.268" level="INFO">Clicking element 'css=#ui-datepicker-div &gt; div &gt; a.ui-datepicker-prev.ui-corner-all'.</msg>
<status status="PASS" starttime="20231211 00:59:04.268" endtime="20231211 00:59:04.345"/>
</kw>
<msg timestamp="20231211 00:59:04.345" level="INFO">Repeating keyword, round 107/506.</msg>
<kw name="Click Element" library="SeleniumLibrary">
<arg>css=#ui-datepicker-div &gt; div &gt; a.ui-datepicker-prev.ui-corner-all</arg>
<doc>Click the element identified by ``locator``.</doc>
<msg timestamp="20231211 00:59:04.346" level="INFO">Clicking element 'css=#ui-datepicker-div &gt; div &gt; a.ui-datepicker-prev.ui-corner-all'.</msg>
<status status="PASS" starttime="20231211 00:59:04.346" endtime="20231211 00:59:04.398"/>
</kw>
<msg timestamp="20231211 00:59:04.398" level="INFO">Repeating keyword, round 108/506.</msg>
<kw name="Click Element" library="SeleniumLibrary">
<arg>css=#ui-datepicker-div &gt; div &gt; a.ui-datepicker-prev.ui-corner-all</arg>
<doc>Click the element identified by ``locator``.</doc>
<msg timestamp="20231211 00:59:04.399" level="INFO">Clicking element 'css=#ui-datepicker-div &gt; div &gt; a.ui-datepicker-prev.ui-corner-all'.</msg>
<status status="PASS" starttime="20231211 00:59:04.398" endtime="20231211 00:59:04.440"/>
</kw>
<msg timestamp="20231211 00:59:04.441" level="INFO">Repeating keyword, round 109/506.</msg>
<kw name="Click Element" library="SeleniumLibrary">
<arg>css=#ui-datepicker-div &gt; div &gt; a.ui-datepicker-prev.ui-corner-all</arg>
<doc>Click the element identified by ``locator``.</doc>
<msg timestamp="20231211 00:59:04.442" level="INFO">Clicking element 'css=#ui-datepicker-div &gt; div &gt; a.ui-datepicker-prev.ui-corner-all'.</msg>
<status status="PASS" starttime="20231211 00:59:04.441" endtime="20231211 00:59:04.482"/>
</kw>
<msg timestamp="20231211 00:59:04.482" level="INFO">Repeating keyword, round 110/506.</msg>
<kw name="Click Element" library="SeleniumLibrary">
<arg>css=#ui-datepicker-div &gt; div &gt; a.ui-datepicker-prev.ui-corner-all</arg>
<doc>Click the element identified by ``locator``.</doc>
<msg timestamp="20231211 00:59:04.483" level="INFO">Clicking element 'css=#ui-datepicker-div &gt; div &gt; a.ui-datepicker-prev.ui-corner-all'.</msg>
<status status="PASS" starttime="20231211 00:59:04.482" endtime="20231211 00:59:04.525"/>
</kw>
<msg timestamp="20231211 00:59:04.525" level="INFO">Repeating keyword, round 111/506.</msg>
<kw name="Click Element" library="SeleniumLibrary">
<arg>css=#ui-datepicker-div &gt; div &gt; a.ui-datepicker-prev.ui-corner-all</arg>
<doc>Click the element identified by ``locator``.</doc>
<msg timestamp="20231211 00:59:04.527" level="INFO">Clicking element 'css=#ui-datepicker-div &gt; div &gt; a.ui-datepicker-prev.ui-corner-all'.</msg>
<status status="PASS" starttime="20231211 00:59:04.526" endtime="20231211 00:59:04.572"/>
</kw>
<msg timestamp="20231211 00:59:04.572" level="INFO">Repeating keyword, round 112/506.</msg>
<kw name="Click Element" library="SeleniumLibrary">
<arg>css=#ui-datepicker-div &gt; div &gt; a.ui-datepicker-prev.ui-corner-all</arg>
<doc>Click the element identified by ``locator``.</doc>
<msg timestamp="20231211 00:59:04.573" level="INFO">Clicking element 'css=#ui-datepicker-div &gt; div &gt; a.ui-datepicker-prev.ui-corner-all'.</msg>
<status status="PASS" starttime="20231211 00:59:04.573" endtime="20231211 00:59:04.616"/>
</kw>
<msg timestamp="20231211 00:59:04.616" level="INFO">Repeating keyword, round 113/506.</msg>
<kw name="Click Element" library="SeleniumLibrary">
<arg>css=#ui-datepicker-div &gt; div &gt; a.ui-datepicker-prev.ui-corner-all</arg>
<doc>Click the element identified by ``locator``.</doc>
<msg timestamp="20231211 00:59:04.616" level="INFO">Clicking element 'css=#ui-datepicker-div &gt; div &gt; a.ui-datepicker-prev.ui-corner-all'.</msg>
<status status="PASS" starttime="20231211 00:59:04.616" endtime="20231211 00:59:04.665"/>
</kw>
<msg timestamp="20231211 00:59:04.665" level="INFO">Repeating keyword, round 114/506.</msg>
<kw name="Click Element" library="SeleniumLibrary">
<arg>css=#ui-datepicker-div &gt; div &gt; a.ui-datepicker-prev.ui-corner-all</arg>
<doc>Click the element identified by ``locator``.</doc>
<msg timestamp="20231211 00:59:04.666" level="INFO">Clicking element 'css=#ui-datepicker-div &gt; div &gt; a.ui-datepicker-prev.ui-corner-all'.</msg>
<status status="PASS" starttime="20231211 00:59:04.665" endtime="20231211 00:59:04.724"/>
</kw>
<msg timestamp="20231211 00:59:04.724" level="INFO">Repeating keyword, round 115/506.</msg>
<kw name="Click Element" library="SeleniumLibrary">
<arg>css=#ui-datepicker-div &gt; div &gt; a.ui-datepicker-prev.ui-corner-all</arg>
<doc>Click the element identified by ``locator``.</doc>
<msg timestamp="20231211 00:59:04.725" level="INFO">Clicking element 'css=#ui-datepicker-div &gt; div &gt; a.ui-datepicker-prev.ui-corner-all'.</msg>
<status status="PASS" starttime="20231211 00:59:04.724" endtime="20231211 00:59:04.807"/>
</kw>
<msg timestamp="20231211 00:59:04.807" level="INFO">Repeating keyword, round 116/506.</msg>
<kw name="Click Element" library="SeleniumLibrary">
<arg>css=#ui-datepicker-div &gt; div &gt; a.ui-datepicker-prev.ui-corner-all</arg>
<doc>Click the element identified by ``locator``.</doc>
<msg timestamp="20231211 00:59:04.808" level="INFO">Clicking element 'css=#ui-datepicker-div &gt; div &gt; a.ui-datepicker-prev.ui-corner-all'.</msg>
<status status="PASS" starttime="20231211 00:59:04.808" endtime="20231211 00:59:04.904"/>
</kw>
<msg timestamp="20231211 00:59:04.904" level="INFO">Repeating keyword, round 117/506.</msg>
<kw name="Click Element" library="SeleniumLibrary">
<arg>css=#ui-datepicker-div &gt; div &gt; a.ui-datepicker-prev.ui-corner-all</arg>
<doc>Click the element identified by ``locator``.</doc>
<msg timestamp="20231211 00:59:04.905" level="INFO">Clicking element 'css=#ui-datepicker-div &gt; div &gt; a.ui-datepicker-prev.ui-corner-all'.</msg>
<status status="PASS" starttime="20231211 00:59:04.904" endtime="20231211 00:59:04.999"/>
</kw>
<msg timestamp="20231211 00:59:04.999" level="INFO">Repeating keyword, round 118/506.</msg>
<kw name="Click Element" library="SeleniumLibrary">
<arg>css=#ui-datepicker-div &gt; div &gt; a.ui-datepicker-prev.ui-corner-all</arg>
<doc>Click the element identified by ``locator``.</doc>
<msg timestamp="20231211 00:59:05.002" level="INFO">Clicking element 'css=#ui-datepicker-div &gt; div &gt; a.ui-datepicker-prev.ui-corner-all'.</msg>
<status status="PASS" starttime="20231211 00:59:05.000" endtime="20231211 00:59:05.081"/>
</kw>
<msg timestamp="20231211 00:59:05.081" level="INFO">Repeating keyword, round 119/506.</msg>
<kw name="Click Element" library="SeleniumLibrary">
<arg>css=#ui-datepicker-div &gt; div &gt; a.ui-datepicker-prev.ui-corner-all</arg>
<doc>Click the element identified by ``locator``.</doc>
<msg timestamp="20231211 00:59:05.082" level="INFO">Clicking element 'css=#ui-datepicker-div &gt; div &gt; a.ui-datepicker-prev.ui-corner-all'.</msg>
<status status="PASS" starttime="20231211 00:59:05.082" endtime="20231211 00:59:05.147"/>
</kw>
<msg timestamp="20231211 00:59:05.148" level="INFO">Repeating keyword, round 120/506.</msg>
<kw name="Click Element" library="SeleniumLibrary">
<arg>css=#ui-datepicker-div &gt; div &gt; a.ui-datepicker-prev.ui-corner-all</arg>
<doc>Click the element identified by ``locator``.</doc>
<msg timestamp="20231211 00:59:05.148" level="INFO">Clicking element 'css=#ui-datepicker-div &gt; div &gt; a.ui-datepicker-prev.ui-corner-all'.</msg>
<status status="PASS" starttime="20231211 00:59:05.148" endtime="20231211 00:59:05.212"/>
</kw>
<msg timestamp="20231211 00:59:05.212" level="INFO">Repeating keyword, round 121/506.</msg>
<kw name="Click Element" library="SeleniumLibrary">
<arg>css=#ui-datepicker-div &gt; div &gt; a.ui-datepicker-prev.ui-corner-all</arg>
<doc>Click the element identified by ``locator``.</doc>
<msg timestamp="20231211 00:59:05.213" level="INFO">Clicking element 'css=#ui-datepicker-div &gt; div &gt; a.ui-datepicker-prev.ui-corner-all'.</msg>
<status status="PASS" starttime="20231211 00:59:05.212" endtime="20231211 00:59:05.255"/>
</kw>
<msg timestamp="20231211 00:59:05.255" level="INFO">Repeating keyword, round 122/506.</msg>
<kw name="Click Element" library="SeleniumLibrary">
<arg>css=#ui-datepicker-div &gt; div &gt; a.ui-datepicker-prev.ui-corner-all</arg>
<doc>Click the element identified by ``locator``.</doc>
[...]
<msg timestamp="20231211 00:59:36.424" level="INFO">Clicking element 'css=#ui-datepicker-div &gt; div &gt; a.ui-datepicker-prev.ui-corner-all'.</msg>
<status status="PASS" starttime="20231211 00:59:36.424" endtime="20231211 00:59:36.497"/>
</kw>
<msg timestamp="20231211 00:59:36.498" level="INFO">Repeating keyword, round 504/506.</msg>
<kw name="Click Element" library="SeleniumLibrary">
<arg>css=#ui-datepicker-div &gt; div &gt; a.ui-datepicker-prev.ui-corner-all</arg>
<doc>Click the element identified by ``locator``.</doc>
<msg timestamp="20231211 00:59:36.499" level="INFO">Clicking element 'css=#ui-datepicker-div &gt; div &gt; a.ui-datepicker-prev.ui-corner-all'.</msg>
<status status="PASS" starttime="20231211 00:59:36.498" endtime="20231211 00:59:36.564"/>
</kw>
<msg timestamp="20231211 00:59:36.565" level="INFO">Repeating keyword, round 505/506.</msg>
<kw name="Click Element" library="SeleniumLibrary">
<arg>css=#ui-datepicker-div &gt; div &gt; a.ui-datepicker-prev.ui-corner-all</arg>
<doc>Click the element identified by ``locator``.</doc>
<msg timestamp="20231211 00:59:36.565" level="INFO">Clicking element 'css=#ui-datepicker-div &gt; div &gt; a.ui-datepicker-prev.ui-corner-all'.</msg>
<status status="PASS" starttime="20231211 00:59:36.565" endtime="20231211 00:59:36.641"/>
</kw>
<msg timestamp="20231211 00:59:36.642" level="INFO">Repeating keyword, round 506/506.</msg>
<kw name="Click Element" library="SeleniumLibrary">
<arg>css=#ui-datepicker-div &gt; div &gt; a.ui-datepicker-prev.ui-corner-all</arg>
<doc>Click the element identified by ``locator``.</doc>
<msg timestamp="20231211 00:59:36.642" level="INFO">Clicking element 'css=#ui-datepicker-div &gt; div &gt; a.ui-datepicker-prev.ui-corner-all'.</msg>
<status status="PASS" starttime="20231211 00:59:36.642" endtime="20231211 00:59:36.698"/>
</kw>
<status status="PASS" starttime="20231211 00:58:55.401" endtime="20231211 00:59:36.698"/>
</kw>
<kw name="Click Element" library="SeleniumLibrary">
<arg>css=#ui-datepicker-div &gt; table &gt; tbody &gt; tr:nth-child(4) &gt; td:nth-child(2) &gt; a</arg>
<doc>Click the element identified by ``locator``.</doc>
<msg timestamp="20231211 00:59:36.699" level="INFO">Clicking element 'css=#ui-datepicker-div &gt; table &gt; tbody &gt; tr:nth-child(4) &gt; td:nth-child(2) &gt; a'.</msg>
<status status="PASS" starttime="20231211 00:59:36.698" endtime="20231211 00:59:36.797"/>
</kw>
<status status="PASS" starttime="20231211 00:58:54.925" endtime="20231211 00:59:36.797"/>
</kw>
<kw name="And User select Gender" library="resource">
<kw name="Click Element" library="SeleniumLibrary">
<arg>xpath=/html/body/div[1]/div/div[1]/div/div/form/div/section[2]/div[4]/p/label[1]/span</arg>
<doc>Click the element identified by ``locator``.</doc>
<msg timestamp="20231211 00:59:36.800" level="INFO">Clicking element 'xpath=/html/body/div[1]/div/div[1]/div/div/form/div/section[2]/div[4]/p/label[1]/span'.</msg>
<status status="PASS" starttime="20231211 00:59:36.799" endtime="20231211 00:59:36.982"/>
</kw>
<status status="PASS" starttime="20231211 00:59:36.798" endtime="20231211 00:59:36.982"/>
</kw>
<kw name="And User fill field street adress" library="resource">
<kw name="Input Text" library="SeleniumLibrary">
<arg>css=#streetaddress</arg>
<arg>Rua do Rócio</arg>
<doc>Types the given ``text`` into the text field identified by ``locator``.</doc>
<msg timestamp="20231211 00:59:36.985" level="INFO">Typing text 'Rua do Rócio' into text field 'css=#streetaddress'.</msg>
<status status="PASS" starttime="20231211 00:59:36.983" endtime="20231211 00:59:37.169"/>
</kw>
<status status="PASS" starttime="20231211 00:59:36.982" endtime="20231211 00:59:37.169"/>
</kw>
<kw name="And User select country" library="resource">
<kw name="Select From List By Label" library="SeleniumLibrary">
<arg>country</arg>
<arg>Brazil</arg>
<doc>Selects options from selection list ``locator`` by ``labels``.</doc>
<msg timestamp="20231211 00:59:37.171" level="INFO">Selecting options from selection list 'country' by label Brazil.</msg>
<status status="PASS" starttime="20231211 00:59:37.170" endtime="20231211 00:59:37.287"/>
</kw>
<status status="PASS" starttime="20231211 00:59:37.170" endtime="20231211 00:59:37.287"/>
</kw>
<kw name="And User fill field zip code" library="resource">
<kw name="Input Text" library="SeleniumLibrary">
<arg>css=#zipcode</arg>
<arg>11010310</arg>
<doc>Types the given ``text`` into the text field identified by ``locator``.</doc>
<msg timestamp="20231211 00:59:37.291" level="INFO">Typing text '11010310' into text field 'css=#zipcode'.</msg>
<status status="PASS" starttime="20231211 00:59:37.290" endtime="20231211 00:59:37.504"/>
</kw>
<status status="PASS" starttime="20231211 00:59:37.289" endtime="20231211 00:59:37.504"/>
</kw>
<kw name="And User fill field city" library="resource">
<kw name="Input Text" library="SeleniumLibrary">
<arg>css=#city</arg>
<arg>São Paulo</arg>
<doc>Types the given ``text`` into the text field identified by ``locator``.</doc>
<msg timestamp="20231211 00:59:37.507" level="INFO">Typing text 'São Paulo' into text field 'css=#city'.</msg>
<status status="PASS" starttime="20231211 00:59:37.506" endtime="20231211 00:59:37.718"/>
</kw>
<status status="PASS" starttime="20231211 00:59:37.505" endtime="20231211 00:59:37.718"/>
</kw>
<kw name="And User select occupation" library="resource">
<kw name="Select From List By Label" library="SeleniumLibrary">
<arg>occupation</arg>
<arg>Farmer</arg>
<doc>Selects options from selection list ``locator`` by ``labels``.</doc>
<msg timestamp="20231211 00:59:37.721" level="INFO">Selecting options from selection list 'occupation' by label Farmer.</msg>
<status status="PASS" starttime="20231211 00:59:37.720" endtime="20231211 00:59:37.858"/>
</kw>
<status status="PASS" starttime="20231211 00:59:37.720" endtime="20231211 00:59:37.859"/>
</kw>
<kw name="And User select hobbies" library="resource">
<kw name="Click Element" library="SeleniumLibrary">
<arg>xpath=/html/body/div[1]/div/div[1]/div/div/form/div/section[2]/div[10]/p/label[1]/span</arg>
<doc>Click the element identified by ``locator``.</doc>
<msg timestamp="20231211 00:59:37.862" level="INFO">Clicking element 'xpath=/html/body/div[1]/div/div[1]/div/div/form/div/section[2]/div[10]/p/label[1]/span'.</msg>
<status status="PASS" starttime="20231211 00:59:37.861" endtime="20231211 00:59:37.953"/>
</kw>
<status status="PASS" starttime="20231211 00:59:37.860" endtime="20231211 00:59:37.953"/>
</kw>
<kw name="And User fill field website" library="resource">
<kw name="Input Text" library="SeleniumLibrary">
<arg>css=#website</arg>
<arg>www.google.com.br</arg>
<doc>Types the given ``text`` into the text field identified by ``locator``.</doc>
<msg timestamp="20231211 00:59:37.955" level="INFO">Typing text 'www.google.com.br' into text field 'css=#website'.</msg>
<status status="PASS" starttime="20231211 00:59:37.954" endtime="20231211 00:59:38.126"/>
</kw>
<status status="PASS" starttime="20231211 00:59:37.954" endtime="20231211 00:59:38.126"/>
</kw>
<kw name="And User click next" library="resource">
<kw name="Click Button" library="SeleniumLibrary">
<arg>css=#nextenterproductdata</arg>
<doc>Clicks the button identified by ``locator``.</doc>
<msg timestamp="20231211 00:59:38.128" level="INFO">Clicking button 'css=#nextenterproductdata'.</msg>
<status status="PASS" starttime="20231211 00:59:38.127" endtime="20231211 00:59:38.199"/>
</kw>
<status status="PASS" starttime="20231211 00:59:38.127" endtime="20231211 00:59:38.199"/>
</kw>
<kw name="When User to see the page Enter Product Data" library="resource">
<kw name="Element Should Contain" library="SeleniumLibrary">
<arg>enterproductdata</arg>
<arg>Enter Product Data</arg>
<doc>Verifies that element ``locator`` contains text ``expected``.</doc>
<msg timestamp="20231211 00:59:38.244" level="INFO">Element 'enterproductdata' contains text 'Enter Product Data'.</msg>
<status status="PASS" starttime="20231211 00:59:38.200" endtime="20231211 00:59:38.244"/>
</kw>
<status status="PASS" starttime="20231211 00:59:38.200" endtime="20231211 00:59:38.244"/>
</kw>
<kw name="And User select start date" library="resource">
<kw name="Input Text" library="SeleniumLibrary">
<arg>css=#startdate</arg>
<arg>01/20/2024</arg>
<doc>Types the given ``text`` into the text field identified by ``locator``.</doc>
<msg timestamp="20231211 00:59:38.247" level="INFO">Typing text '01/20/2024' into text field 'css=#startdate'.</msg>
<status status="PASS" starttime="20231211 00:59:38.246" endtime="20231211 00:59:38.490"/>
</kw>
<status status="PASS" starttime="20231211 00:59:38.246" endtime="20231211 00:59:38.490"/>
</kw>
<kw name="And User select insurance Selenium" library="resource">
<kw name="Select From List By Label" library="SeleniumLibrary">
<arg>insurancesum</arg>
<arg>3.000.000,00</arg>
<doc>Selects options from selection list ``locator`` by ``labels``.</doc>
<msg timestamp="20231211 00:59:38.494" level="INFO">Selecting options from selection list 'insurancesum' by label 3.000.000,00.</msg>
<status status="PASS" starttime="20231211 00:59:38.492" endtime="20231211 00:59:38.602"/>
</kw>
<status status="PASS" starttime="20231211 00:59:38.492" endtime="20231211 00:59:38.602"/>
</kw>
<kw name="And User select merit rating" library="resource">
<kw name="Select From List By Label" library="SeleniumLibrary">
<arg>meritrating</arg>
<arg>Bonus 1</arg>
<doc>Selects options from selection list ``locator`` by ``labels``.</doc>
<msg timestamp="20231211 00:59:38.603" level="INFO">Selecting options from selection list 'meritrating' by label Bonus 1.</msg>
<status status="PASS" starttime="20231211 00:59:38.603" endtime="20231211 00:59:38.708"/>
</kw>
<status status="PASS" starttime="20231211 00:59:38.603" endtime="20231211 00:59:38.709"/>
</kw>
<kw name="And User select damage insurance" library="resource">
<kw name="Select From List By Label" library="SeleniumLibrary">
<arg>damageinsurance</arg>
<arg>No Coverage</arg>
<doc>Selects options from selection list ``locator`` by ``labels``.</doc>
<msg timestamp="20231211 00:59:38.713" level="INFO">Selecting options from selection list 'damageinsurance' by label No Coverage.</msg>
<status status="PASS" starttime="20231211 00:59:38.711" endtime="20231211 00:59:38.846"/>
</kw>
<status status="PASS" starttime="20231211 00:59:38.710" endtime="20231211 00:59:38.846"/>
</kw>
<kw name="And User select Optional products" library="resource">
<kw name="Click Element" library="SeleniumLibrary">
<arg>xpath=/html/body/div[1]/div/div[1]/div/div/form/div/section[3]/div[5]/p/label[1]/span</arg>
<doc>Click the element identified by ``locator``.</doc>
<msg timestamp="20231211 00:59:38.849" level="INFO">Clicking element 'xpath=/html/body/div[1]/div/div[1]/div/div/form/div/section[3]/div[5]/p/label[1]/span'.</msg>
<status status="PASS" starttime="20231211 00:59:38.848" endtime="20231211 00:59:38.942"/>
</kw>
<status status="PASS" starttime="20231211 00:59:38.847" endtime="20231211 00:59:38.943"/>
</kw>
<kw name="And User select courtesy car" library="resource">
<kw name="Select From List By Label" library="SeleniumLibrary">
<arg>courtesycar</arg>
<arg>No</arg>
<doc>Selects options from selection list ``locator`` by ``labels``.</doc>
<msg timestamp="20231211 00:59:38.945" level="INFO">Selecting options from selection list 'courtesycar' by label No.</msg>
<status status="PASS" starttime="20231211 00:59:38.945" endtime="20231211 00:59:39.082"/>
</kw>
<status status="PASS" starttime="20231211 00:59:38.944" endtime="20231211 00:59:39.083"/>
</kw>
<kw name="And User click next button" library="resource">
<kw name="Click Button" library="SeleniumLibrary">
<arg>css=#nextselectpriceoption</arg>
<doc>Clicks the button identified by ``locator``.</doc>
<msg timestamp="20231211 00:59:39.085" level="INFO">Clicking button 'css=#nextselectpriceoption'.</msg>
<status status="PASS" starttime="20231211 00:59:39.084" endtime="20231211 00:59:39.247"/>
</kw>
<status status="PASS" starttime="20231211 00:59:39.084" endtime="20231211 00:59:39.247"/>
</kw>
<kw name="When User to see page select price" library="resource">
<kw name="Element Should Contain" library="SeleniumLibrary">
<arg>selectpriceoption</arg>
<arg>Select Price Option</arg>
<doc>Verifies that element ``locator`` contains text ``expected``.</doc>
<msg timestamp="20231211 00:59:39.287" level="INFO">Element 'selectpriceoption' contains text 'Select Price Option'.</msg>
<status status="PASS" starttime="20231211 00:59:39.248" endtime="20231211 00:59:39.287"/>
</kw>
<status status="PASS" starttime="20231211 00:59:39.248" endtime="20231211 00:59:39.287"/>
</kw>
<kw name="And User select Option" library="resource">
<kw name="Click Element" library="SeleniumLibrary">
<arg>xpath=/html/body/div[1]/div/div[1]/div/div/form/div/section[4]/section/div[1]/table/tfoot/tr/th[2]/label[1]/span</arg>
<doc>Click the element identified by ``locator``.</doc>
<msg timestamp="20231211 00:59:39.290" level="INFO">Clicking element 'xpath=/html/body/div[1]/div/div[1]/div/div/form/div/section[4]/section/div[1]/table/tfoot/tr/th[2]/label[1]/span'.</msg>
<status status="PASS" starttime="20231211 00:59:39.289" endtime="20231211 00:59:39.396"/>
</kw>
<status status="PASS" starttime="20231211 00:59:39.288" endtime="20231211 00:59:39.396"/>
</kw>
<kw name="And User click in the button next" library="resource">
<kw name="Click Button" library="SeleniumLibrary">
<arg>css=#nextsendquote</arg>
<doc>Clicks the button identified by ``locator``.</doc>
<msg timestamp="20231211 00:59:39.399" level="INFO">Clicking button 'css=#nextsendquote'.</msg>
<status status="PASS" starttime="20231211 00:59:39.398" endtime="20231211 00:59:39.891"/>
</kw>
<status status="PASS" starttime="20231211 00:59:39.397" endtime="20231211 00:59:39.891"/>
</kw>
<kw name="And User to see page send quote" library="resource">
<kw name="Element Should Contain" library="SeleniumLibrary">
<arg>sendquote</arg>
<arg>Send Quote</arg>
<doc>Verifies that element ``locator`` contains text ``expected``.</doc>
<msg timestamp="20231211 00:59:39.926" level="INFO">Element 'sendquote' contains text 'Send Quote'.</msg>
<status status="PASS" starttime="20231211 00:59:39.893" endtime="20231211 00:59:39.926"/>
</kw>
<status status="PASS" starttime="20231211 00:59:39.892" endtime="20231211 00:59:39.927"/>
</kw>
<kw name="And User fill field email" library="resource">
<kw name="Input Text" library="SeleniumLibrary">
<arg>css=#email</arg>
<arg>teste@gmail.com</arg>
<doc>Types the given ``text`` into the text field identified by ``locator``.</doc>
<msg timestamp="20231211 00:59:39.930" level="INFO">Typing text 'teste@gmail.com' into text field 'css=#email'.</msg>
<status status="PASS" starttime="20231211 00:59:39.929" endtime="20231211 00:59:40.136"/>
</kw>
<status status="PASS" starttime="20231211 00:59:39.928" endtime="20231211 00:59:40.136"/>
</kw>
<kw name="And User fill field phone" library="resource">
<kw name="Input Text" library="SeleniumLibrary">
<arg>css=#phone</arg>
<arg>11981456787</arg>
<doc>Types the given ``text`` into the text field identified by ``locator``.</doc>
<msg timestamp="20231211 00:59:40.138" level="INFO">Typing text '11981456787' into text field 'css=#phone'.</msg>
<status status="PASS" starttime="20231211 00:59:40.137" endtime="20231211 00:59:40.381"/>
</kw>
<status status="PASS" starttime="20231211 00:59:40.137" endtime="20231211 00:59:40.381"/>
</kw>
<kw name="And User fill field username" library="resource">
<kw name="Input Text" library="SeleniumLibrary">
<arg>css=#username</arg>
<arg>andprovaccee</arg>
<doc>Types the given ``text`` into the text field identified by ``locator``.</doc>
<msg timestamp="20231211 00:59:40.384" level="INFO">Typing text 'andprovaccee' into text field 'css=#username'.</msg>
<status status="PASS" starttime="20231211 00:59:40.383" endtime="20231211 00:59:40.598"/>
</kw>
<status status="PASS" starttime="20231211 00:59:40.382" endtime="20231211 00:59:40.598"/>
</kw>
<kw name="And User fill field password" library="resource">
<kw name="Input Text" library="SeleniumLibrary">
<arg>css=#password</arg>
<arg>Ao$1987</arg>
<doc>Types the given ``text`` into the text field identified by ``locator``.</doc>
<msg timestamp="20231211 00:59:40.600" level="INFO">Typing text 'Ao$1987' into text field 'css=#password'.</msg>
<status status="PASS" starttime="20231211 00:59:40.599" endtime="20231211 00:59:40.706"/>
</kw>
<status status="PASS" starttime="20231211 00:59:40.598" endtime="20231211 00:59:40.707"/>
</kw>
<kw name="And User fill field confirm password" library="resource">
<kw name="Input Text" library="SeleniumLibrary">
<arg>css=#confirmpassword</arg>
<arg>Ao$1987</arg>
<doc>Types the given ``text`` into the text field identified by ``locator``.</doc>
<msg timestamp="20231211 00:59:40.708" level="INFO">Typing text 'Ao$1987' into text field 'css=#confirmpassword'.</msg>
<status status="PASS" starttime="20231211 00:59:40.708" endtime="20231211 00:59:40.829"/>
</kw>
<status status="PASS" starttime="20231211 00:59:40.707" endtime="20231211 00:59:40.829"/>
</kw>
<kw name="And User fill field comments" library="resource">
<kw name="Input Text" library="SeleniumLibrary">
<arg>css=#Comments</arg>
<arg>avaliacaoteste</arg>
<doc>Types the given ``text`` into the text field identified by ``locator``.</doc>
<msg timestamp="20231211 00:59:40.830" level="INFO">Typing text 'avaliacaoteste' into text field 'css=#Comments'.</msg>
<status status="PASS" starttime="20231211 00:59:40.830" endtime="20231211 00:59:40.913"/>
</kw>
<status status="PASS" starttime="20231211 00:59:40.829" endtime="20231211 00:59:40.913"/>
</kw>
<kw name="And User click in the button send email" library="resource">
<kw name="Click Button" library="SeleniumLibrary">
<arg>css=#sendemail</arg>
<doc>Clicks the button identified by ``locator``.</doc>
<msg timestamp="20231211 00:59:40.915" level="INFO">Clicking button 'css=#sendemail'.</msg>
<status status="PASS" starttime="20231211 00:59:40.914" endtime="20231211 00:59:40.990"/>
</kw>
<status status="PASS" starttime="20231211 00:59:40.913" endtime="20231211 00:59:40.990"/>
</kw>
<kw name="Then User validate success message" library="resource">
<kw name="Wait Until Element Is Visible" library="SeleniumLibrary">
<arg>css=body &gt; div.sweet-alert.showSweetAlert.visible</arg>
<doc>Waits until the element ``locator`` is visible.</doc>
<status status="PASS" starttime="20231211 00:59:40.992" endtime="20231211 00:59:49.932"/>
</kw>
<kw name="Element Should Contain" library="SeleniumLibrary">
<arg>css=body &gt; div.sweet-alert.showSweetAlert.visible &gt; h2</arg>
<arg>Sending e-mail success!</arg>
<doc>Verifies that element ``locator`` contains text ``expected``.</doc>
<msg timestamp="20231211 00:59:49.965" level="INFO">Element 'css=body &gt; div.sweet-alert.showSweetAlert.visible &gt; h2' contains text 'Sending e-mail success!'.</msg>
<status status="PASS" starttime="20231211 00:59:49.932" endtime="20231211 00:59:49.965"/>
</kw>
<kw name="Click Button" library="SeleniumLibrary">
<arg>css=body &gt; div.sweet-alert.showSweetAlert.visible &gt; div.sa-button-container &gt; div &gt; button</arg>
<doc>Clicks the button identified by ``locator``.</doc>
<msg timestamp="20231211 00:59:49.966" level="INFO">Clicking button 'css=body &gt; div.sweet-alert.showSweetAlert.visible &gt; div.sa-button-container &gt; div &gt; button'.</msg>
<status status="PASS" starttime="20231211 00:59:49.966" endtime="20231211 00:59:50.111"/>
</kw>
<status status="PASS" starttime="20231211 00:59:40.991" endtime="20231211 00:59:50.112"/>
</kw>
<status status="PASS" starttime="20231211 00:58:26.592" endtime="20231211 00:59:50.113"/>
</test>
<status status="PASS" starttime="20231211 00:58:26.364" endtime="20231211 00:59:50.116"/>
</suite>
<statistics>
<total>
<stat pass="1" fail="0" skip="0">All Tests</stat>
</total>
<tag>
</tag>
<suite>
<stat pass="1" fail="0" skip="0" id="s1" name="Registration Form">Registration Form</stat>
</suite>
</statistics>
<errors>
</errors>
</robot>
